[WARN] 2019-06-06 10:10:05,159 org.springframework.data.mongodb.core.convert.CustomConversions register - Registering converter from class java.lang.Number to class java.lang.Number as writing converter although it doesn't convert to a Mongo supported type! You might wanna check you annotation setup at the converter implementation.
[WARN] 2019-06-06 10:14:20,120 org.springframework.data.mongodb.core.convert.CustomConversions register - Registering converter from class java.lang.Number to class java.lang.Number as writing converter although it doesn't convert to a Mongo supported type! You might wanna check you annotation setup at the converter implementation.
[WARN] 2019-06-06 10:16:18,120 com.dpdocter.aop.DpDocterLoggingAspect beforeUpdateAccountDescription - Logging access to SearchServiceImpl.  Executing :: searchDoctors()
[WARN] 2019-06-06 10:16:18,121 com.dpdocter.aop.DpDocterLoggingAspect beforeUpdateAccountDescription - Going to call the method searchDoctors() in SearchServiceImpl at Thu Jun 06 10:16:18 EDT 2019
[WARN] 2019-06-06 10:16:18,751 org.dozer.config.GlobalSettings loadGlobalSettings - Dozer configuration file not found: dozer.properties.  Using defaults for all Dozer global properties.
[WARN] 2019-06-06 10:16:18,940 com.dpdocter.aop.DpDocterLoggingAspect beforeUpdateAccountDescription - Method execution completed for searchDoctors() in SearchServiceImpl at Thu Jun 06 10:16:18 EDT 2019
[WARN] 2019-06-06 10:16:18,940 com.dpdocter.aop.DpDocterLoggingAspect beforeUpdateAccountDescription - Method searchDoctors() in SearchServiceImpl took 819 milliseconds for execution
[WARN] 2019-06-06 10:16:28,750 com.dpdocter.aop.DpDocterLoggingAspect beforeUpdateAccountDescription - Logging access to SearchServiceImpl.  Executing :: searchDoctors()
[WARN] 2019-06-06 10:16:28,752 com.dpdocter.aop.DpDocterLoggingAspect beforeUpdateAccountDescription - Going to call the method searchDoctors() in SearchServiceImpl at Thu Jun 06 10:16:28 EDT 2019
[WARN] 2019-06-06 10:16:29,062 com.dpdocter.aop.DpDocterLoggingAspect beforeUpdateAccountDescription - Method execution completed for searchDoctors() in SearchServiceImpl at Thu Jun 06 10:16:29 EDT 2019
[WARN] 2019-06-06 10:16:29,062 com.dpdocter.aop.DpDocterLoggingAspect beforeUpdateAccountDescription - Method searchDoctors() in SearchServiceImpl took 310 milliseconds for execution
[WARN] 2019-06-06 10:16:40,842 com.dpdocter.aop.DpDocterLoggingAspect beforeUpdateAccountDescription - Logging access to SearchServiceImpl.  Executing :: searchDoctors()
[WARN] 2019-06-06 10:16:40,842 com.dpdocter.aop.DpDocterLoggingAspect beforeUpdateAccountDescription - Going to call the method searchDoctors() in SearchServiceImpl at Thu Jun 06 10:16:40 EDT 2019
[WARN] 2019-06-06 10:16:41,069 com.dpdocter.aop.DpDocterLoggingAspect beforeUpdateAccountDescription - Method execution completed for searchDoctors() in SearchServiceImpl at Thu Jun 06 10:16:41 EDT 2019
[WARN] 2019-06-06 10:16:41,070 com.dpdocter.aop.DpDocterLoggingAspect beforeUpdateAccountDescription - Method searchDoctors() in SearchServiceImpl took 228 milliseconds for execution
[WARN] 2019-06-06 10:17:14,438 com.dpdocter.aop.DpDocterLoggingAspect beforeUpdateAccountDescription - Logging access to SearchServiceImpl.  Executing :: searchDoctors()
[WARN] 2019-06-06 10:17:14,439 com.dpdocter.aop.DpDocterLoggingAspect beforeUpdateAccountDescription - Going to call the method searchDoctors() in SearchServiceImpl at Thu Jun 06 10:17:14 EDT 2019
[WARN] 2019-06-06 10:17:15,112 com.dpdocter.aop.DpDocterLoggingAspect beforeUpdateAccountDescription - Method execution completed for searchDoctors() in SearchServiceImpl at Thu Jun 06 10:17:15 EDT 2019
[WARN] 2019-06-06 10:17:15,113 com.dpdocter.aop.DpDocterLoggingAspect beforeUpdateAccountDescription - Method searchDoctors() in SearchServiceImpl took 674 milliseconds for execution
[WARN] 2019-06-06 10:17:38,171 com.dpdocter.aop.DpDocterLoggingAspect beforeUpdateAccountDescription - Logging access to SearchServiceImpl.  Executing :: searchDoctors()
[WARN] 2019-06-06 10:17:38,172 com.dpdocter.aop.DpDocterLoggingAspect beforeUpdateAccountDescription - Going to call the method searchDoctors() in SearchServiceImpl at Thu Jun 06 10:17:38 EDT 2019
[WARN] 2019-06-06 10:17:38,713 com.dpdocter.aop.DpDocterLoggingAspect beforeUpdateAccountDescription - Method execution completed for searchDoctors() in SearchServiceImpl at Thu Jun 06 10:17:38 EDT 2019
[WARN] 2019-06-06 10:17:38,713 com.dpdocter.aop.DpDocterLoggingAspect beforeUpdateAccountDescription - Method searchDoctors() in SearchServiceImpl took 541 milliseconds for execution
[WARN] 2019-06-06 10:17:57,915 com.dpdocter.aop.DpDocterLoggingAspect beforeUpdateAccountDescription - Logging access to SearchServiceImpl.  Executing :: searchDoctors()
[WARN] 2019-06-06 10:17:57,916 com.dpdocter.aop.DpDocterLoggingAspect beforeUpdateAccountDescription - Going to call the method searchDoctors() in SearchServiceImpl at Thu Jun 06 10:17:57 EDT 2019
[WARN] 2019-06-06 10:17:58,555 com.dpdocter.aop.DpDocterLoggingAspect beforeUpdateAccountDescription - Method execution completed for searchDoctors() in SearchServiceImpl at Thu Jun 06 10:17:58 EDT 2019
[WARN] 2019-06-06 10:17:58,555 com.dpdocter.aop.DpDocterLoggingAspect beforeUpdateAccountDescription - Method searchDoctors() in SearchServiceImpl took 639 milliseconds for execution
[WARN] 2019-06-06 14:41:32,950 org.springframework.data.mongodb.core.convert.CustomConversions register - Registering converter from class java.lang.Number to class java.lang.Number as writing converter although it doesn't convert to a Mongo supported type! You might wanna check you annotation setup at the converter implementation.
[WARN] 2019-06-06 14:45:25,456 com.dpdocter.aop.DpDocterLoggingAspect beforeUpdateAccountDescription - Logging access to SearchServiceImpl.  Executing :: searchDoctors()
[WARN] 2019-06-06 14:45:25,459 com.dpdocter.aop.DpDocterLoggingAspect beforeUpdateAccountDescription - Going to call the method searchDoctors() in SearchServiceImpl at Thu Jun 06 14:45:25 EDT 2019
[WARN] 2019-06-06 14:45:25,600 com.dpdocter.aop.DpDocterLoggingAspect beforeUpdateAccountDescription - Method execution completed for searchDoctors() in SearchServiceImpl at Thu Jun 06 14:45:25 EDT 2019
[WARN] 2019-06-06 14:45:25,600 com.dpdocter.aop.DpDocterLoggingAspect beforeUpdateAccountDescription - Method searchDoctors() in SearchServiceImpl took 142 milliseconds for execution
[WARN] 2019-06-06 14:47:55,143 org.springframework.data.mongodb.core.convert.CustomConversions register - Registering converter from class java.lang.Number to class java.lang.Number as writing converter although it doesn't convert to a Mongo supported type! You might wanna check you annotation setup at the converter implementation.
[WARN] 2019-06-06 14:49:26,480 com.dpdocter.aop.DpDocterLoggingAspect beforeUpdateAccountDescription - Logging access to SearchServiceImpl.  Executing :: searchDoctors()
[WARN] 2019-06-06 14:49:26,484 com.dpdocter.aop.DpDocterLoggingAspect beforeUpdateAccountDescription - Going to call the method searchDoctors() in SearchServiceImpl at Thu Jun 06 14:49:26 EDT 2019
[WARN] 2019-06-06 14:49:26,721 com.dpdocter.aop.DpDocterLoggingAspect beforeUpdateAccountDescription - Method execution completed for searchDoctors() in SearchServiceImpl at Thu Jun 06 14:49:26 EDT 2019
[WARN] 2019-06-06 14:49:26,722 com.dpdocter.aop.DpDocterLoggingAspect beforeUpdateAccountDescription - Method searchDoctors() in SearchServiceImpl took 238 milliseconds for execution
[WARN] 2019-06-06 14:52:34,134 org.springframework.data.mongodb.core.convert.CustomConversions register - Registering converter from class java.lang.Number to class java.lang.Number as writing converter although it doesn't convert to a Mongo supported type! You might wanna check you annotation setup at the converter implementation.
[WARN] 2019-06-06 14:55:10,590 com.dpdocter.aop.DpDocterLoggingAspect beforeUpdateAccountDescription - Logging access to SearchServiceImpl.  Executing :: searchDoctors()
[WARN] 2019-06-06 14:55:10,593 com.dpdocter.aop.DpDocterLoggingAspect beforeUpdateAccountDescription - Going to call the method searchDoctors() in SearchServiceImpl at Thu Jun 06 14:55:10 EDT 2019
[WARN] 2019-06-06 14:55:10,742 com.dpdocter.aop.DpDocterLoggingAspect beforeUpdateAccountDescription - Method execution completed for searchDoctors() in SearchServiceImpl at Thu Jun 06 14:55:10 EDT 2019
[WARN] 2019-06-06 14:55:10,743 com.dpdocter.aop.DpDocterLoggingAspect beforeUpdateAccountDescription - Method searchDoctors() in SearchServiceImpl took 150 milliseconds for execution
[WARN] 2019-06-06 14:58:25,736 org.springframework.data.mongodb.core.convert.CustomConversions register - Registering converter from class java.lang.Number to class java.lang.Number as writing converter although it doesn't convert to a Mongo supported type! You might wanna check you annotation setup at the converter implementation.
[WARN] 2019-06-06 15:00:00,016 com.dpdocter.aop.DpDocterLoggingAspect beforeUpdateAccountDescription - Logging access to AppointmentServiceImpl.  Executing :: updateQueue()
[WARN] 2019-06-06 15:00:00,021 com.dpdocter.aop.DpDocterLoggingAspect beforeUpdateAccountDescription - Going to call the method updateQueue() in AppointmentServiceImpl at Thu Jun 06 15:00:00 EDT 2019
[WARN] 2019-06-06 15:00:00,243 com.dpdocter.aop.DpDocterLoggingAspect beforeUpdateAccountDescription - Method execution completed for updateQueue() in AppointmentServiceImpl at Thu Jun 06 15:00:00 EDT 2019
[WARN] 2019-06-06 15:00:00,243 com.dpdocter.aop.DpDocterLoggingAspect beforeUpdateAccountDescription - Method updateQueue() in AppointmentServiceImpl took 225 milliseconds for execution
[WARN] 2019-06-06 15:00:11,254 com.dpdocter.aop.DpDocterLoggingAspect beforeUpdateAccountDescription - Logging access to SearchServiceImpl.  Executing :: searchDoctors()
[WARN] 2019-06-06 15:00:11,256 com.dpdocter.aop.DpDocterLoggingAspect beforeUpdateAccountDescription - Going to call the method searchDoctors() in SearchServiceImpl at Thu Jun 06 15:00:11 EDT 2019
[WARN] 2019-06-06 15:00:12,114 com.dpdocter.aop.DpDocterLoggingAspect beforeUpdateAccountDescription - Method execution completed for searchDoctors() in SearchServiceImpl at Thu Jun 06 15:00:12 EDT 2019
[WARN] 2019-06-06 15:00:12,115 com.dpdocter.aop.DpDocterLoggingAspect beforeUpdateAccountDescription - Method searchDoctors() in SearchServiceImpl took 859 milliseconds for execution
[WARN] 2019-06-06 15:03:34,723 org.springframework.data.mongodb.core.convert.CustomConversions register - Registering converter from class java.lang.Number to class java.lang.Number as writing converter although it doesn't convert to a Mongo supported type! You might wanna check you annotation setup at the converter implementation.
[WARN] 2019-06-06 15:05:08,977 com.dpdocter.aop.DpDocterLoggingAspect beforeUpdateAccountDescription - Logging access to SearchServiceImpl.  Executing :: searchDoctors()
[WARN] 2019-06-06 15:05:08,982 com.dpdocter.aop.DpDocterLoggingAspect beforeUpdateAccountDescription - Going to call the method searchDoctors() in SearchServiceImpl at Thu Jun 06 15:05:08 EDT 2019
[WARN] 2019-06-06 15:05:10,306 com.dpdocter.aop.DpDocterLoggingAspect beforeUpdateAccountDescription - Method execution completed for searchDoctors() in SearchServiceImpl at Thu Jun 06 15:05:10 EDT 2019
[WARN] 2019-06-06 15:05:10,306 com.dpdocter.aop.DpDocterLoggingAspect beforeUpdateAccountDescription - Method searchDoctors() in SearchServiceImpl took 1325 milliseconds for execution
[WARN] 2019-06-06 15:06:00,773 com.dpdocter.aop.DpDocterLoggingAspect beforeUpdateAccountDescription - Logging access to SearchServiceImpl.  Executing :: searchDoctors()
[WARN] 2019-06-06 15:06:00,777 com.dpdocter.aop.DpDocterLoggingAspect beforeUpdateAccountDescription - Going to call the method searchDoctors() in SearchServiceImpl at Thu Jun 06 15:06:00 EDT 2019
[WARN] 2019-06-06 15:12:28,679 com.dpdocter.aop.DpDocterLoggingAspect beforeUpdateAccountDescription - Method execution completed for searchDoctors() in SearchServiceImpl at Thu Jun 06 15:12:28 EDT 2019
[WARN] 2019-06-06 15:12:28,684 com.dpdocter.aop.DpDocterLoggingAspect beforeUpdateAccountDescription - Method searchDoctors() in SearchServiceImpl took 387908 milliseconds for execution
[WARN] 2019-06-06 15:12:46,480 com.dpdocter.aop.DpDocterLoggingAspect beforeUpdateAccountDescription - Logging access to SearchServiceImpl.  Executing :: searchDoctors()
[WARN] 2019-06-06 15:12:46,482 com.dpdocter.aop.DpDocterLoggingAspect beforeUpdateAccountDescription - Going to call the method searchDoctors() in SearchServiceImpl at Thu Jun 06 15:12:46 EDT 2019
[WARN] 2019-06-06 15:13:27,720 com.dpdocter.aop.DpDocterLoggingAspect beforeUpdateAccountDescription - Method execution completed for searchDoctors() in SearchServiceImpl at Thu Jun 06 15:13:27 EDT 2019
[WARN] 2019-06-06 15:13:27,722 com.dpdocter.aop.DpDocterLoggingAspect beforeUpdateAccountDescription - Method searchDoctors() in SearchServiceImpl took 41239 milliseconds for execution
[WARN] 2019-06-06 15:15:20,463 org.springframework.data.mongodb.core.convert.CustomConversions register - Registering converter from class java.lang.Number to class java.lang.Number as writing converter although it doesn't convert to a Mongo supported type! You might wanna check you annotation setup at the converter implementation.
[WARN] 2019-06-06 15:17:34,347 com.dpdocter.aop.DpDocterLoggingAspect beforeUpdateAccountDescription - Logging access to SearchServiceImpl.  Executing :: searchDoctors()
[WARN] 2019-06-06 15:17:34,350 com.dpdocter.aop.DpDocterLoggingAspect beforeUpdateAccountDescription - Going to call the method searchDoctors() in SearchServiceImpl at Thu Jun 06 15:17:34 EDT 2019
[WARN] 2019-06-06 15:17:44,073 com.dpdocter.aop.DpDocterLoggingAspect beforeUpdateAccountDescription - Method execution completed for searchDoctors() in SearchServiceImpl at Thu Jun 06 15:17:44 EDT 2019
[WARN] 2019-06-06 15:17:44,073 com.dpdocter.aop.DpDocterLoggingAspect beforeUpdateAccountDescription - Method searchDoctors() in SearchServiceImpl took 9724 milliseconds for execution
[WARN] 2019-06-06 15:21:04,345 org.springframework.data.mongodb.core.convert.CustomConversions register - Registering converter from class java.lang.Number to class java.lang.Number as writing converter although it doesn't convert to a Mongo supported type! You might wanna check you annotation setup at the converter implementation.
[WARN] 2019-06-06 15:23:29,475 com.dpdocter.aop.DpDocterLoggingAspect beforeUpdateAccountDescription - Logging access to SearchServiceImpl.  Executing :: searchDoctors()
[WARN] 2019-06-06 15:23:29,478 com.dpdocter.aop.DpDocterLoggingAspect beforeUpdateAccountDescription - Going to call the method searchDoctors() in SearchServiceImpl at Thu Jun 06 15:23:29 EDT 2019
[WARN] 2019-06-06 15:23:40,249 com.dpdocter.aop.DpDocterLoggingAspect beforeUpdateAccountDescription - Method execution completed for searchDoctors() in SearchServiceImpl at Thu Jun 06 15:23:40 EDT 2019
[WARN] 2019-06-06 15:23:40,250 com.dpdocter.aop.DpDocterLoggingAspect beforeUpdateAccountDescription - Method searchDoctors() in SearchServiceImpl took 10772 milliseconds for execution
[WARN] 2019-06-06 15:23:51,219 com.dpdocter.aop.DpDocterLoggingAspect beforeUpdateAccountDescription - Logging access to SearchServiceImpl.  Executing :: searchDoctors()
[WARN] 2019-06-06 15:23:51,220 com.dpdocter.aop.DpDocterLoggingAspect beforeUpdateAccountDescription - Going to call the method searchDoctors() in SearchServiceImpl at Thu Jun 06 15:23:51 EDT 2019
[WARN] 2019-06-06 15:23:51,432 com.dpdocter.aop.DpDocterLoggingAspect beforeUpdateAccountDescription - Method execution completed for searchDoctors() in SearchServiceImpl at Thu Jun 06 15:23:51 EDT 2019
[WARN] 2019-06-06 15:23:51,434 com.dpdocter.aop.DpDocterLoggingAspect beforeUpdateAccountDescription - Method searchDoctors() in SearchServiceImpl took 214 milliseconds for execution
[WARN] 2019-06-06 15:23:58,853 com.dpdocter.aop.DpDocterLoggingAspect beforeUpdateAccountDescription - Logging access to SearchServiceImpl.  Executing :: searchDoctors()
[WARN] 2019-06-06 15:23:58,856 com.dpdocter.aop.DpDocterLoggingAspect beforeUpdateAccountDescription - Going to call the method searchDoctors() in SearchServiceImpl at Thu Jun 06 15:23:58 EDT 2019
[WARN] 2019-06-06 15:27:22,488 org.springframework.data.mongodb.core.convert.CustomConversions register - Registering converter from class java.lang.Number to class java.lang.Number as writing converter although it doesn't convert to a Mongo supported type! You might wanna check you annotation setup at the converter implementation.
[WARN] 2019-06-06 15:29:45,823 com.dpdocter.aop.DpDocterLoggingAspect beforeUpdateAccountDescription - Logging access to SearchServiceImpl.  Executing :: searchDoctors()
[WARN] 2019-06-06 15:29:45,826 com.dpdocter.aop.DpDocterLoggingAspect beforeUpdateAccountDescription - Going to call the method searchDoctors() in SearchServiceImpl at Thu Jun 06 15:29:45 EDT 2019
[WARN] 2019-06-06 15:29:51,178 com.dpdocter.aop.DpDocterLoggingAspect beforeUpdateAccountDescription - Method execution completed for searchDoctors() in SearchServiceImpl at Thu Jun 06 15:29:51 EDT 2019
[WARN] 2019-06-06 15:29:51,178 com.dpdocter.aop.DpDocterLoggingAspect beforeUpdateAccountDescription - Method searchDoctors() in SearchServiceImpl took 5352 milliseconds for execution
[WARN] 2019-06-06 15:30:07,130 com.dpdocter.aop.DpDocterLoggingAspect beforeUpdateAccountDescription - Logging access to SearchServiceImpl.  Executing :: searchDoctors()
[WARN] 2019-06-06 15:30:07,132 com.dpdocter.aop.DpDocterLoggingAspect beforeUpdateAccountDescription - Going to call the method searchDoctors() in SearchServiceImpl at Thu Jun 06 15:30:07 EDT 2019
[WARN] 2019-06-06 15:41:21,384 org.springframework.data.mongodb.core.convert.CustomConversions register - Registering converter from class java.lang.Number to class java.lang.Number as writing converter although it doesn't convert to a Mongo supported type! You might wanna check you annotation setup at the converter implementation.
[WARN] 2019-06-06 15:43:05,287 com.dpdocter.aop.DpDocterLoggingAspect beforeUpdateAccountDescription - Logging access to SearchServiceImpl.  Executing :: searchDoctors()
[WARN] 2019-06-06 15:43:05,289 com.dpdocter.aop.DpDocterLoggingAspect beforeUpdateAccountDescription - Going to call the method searchDoctors() in SearchServiceImpl at Thu Jun 06 15:43:05 EDT 2019
[WARN] 2019-06-06 15:43:17,509 com.dpdocter.aop.DpDocterLoggingAspect beforeUpdateAccountDescription - Method execution completed for searchDoctors() in SearchServiceImpl at Thu Jun 06 15:43:17 EDT 2019
[WARN] 2019-06-06 15:43:17,510 com.dpdocter.aop.DpDocterLoggingAspect beforeUpdateAccountDescription - Method searchDoctors() in SearchServiceImpl took 12221 milliseconds for execution
[WARN] 2019-06-06 15:48:28,699 org.springframework.data.mongodb.core.convert.CustomConversions register - Registering converter from class java.lang.Number to class java.lang.Number as writing converter although it doesn't convert to a Mongo supported type! You might wanna check you annotation setup at the converter implementation.
[WARN] 2019-06-06 15:50:56,141 com.dpdocter.aop.DpDocterLoggingAspect beforeUpdateAccountDescription - Logging access to SearchServiceImpl.  Executing :: searchDoctors()
[WARN] 2019-06-06 15:50:56,144 com.dpdocter.aop.DpDocterLoggingAspect beforeUpdateAccountDescription - Going to call the method searchDoctors() in SearchServiceImpl at Thu Jun 06 15:50:56 EDT 2019
[WARN] 2019-06-06 15:50:59,088 com.dpdocter.aop.DpDocterLoggingAspect beforeUpdateAccountDescription - Method execution completed for searchDoctors() in SearchServiceImpl at Thu Jun 06 15:50:59 EDT 2019
[WARN] 2019-06-06 15:50:59,089 com.dpdocter.aop.DpDocterLoggingAspect beforeUpdateAccountDescription - Method searchDoctors() in SearchServiceImpl took 2945 milliseconds for execution
[WARN] 2019-06-06 15:55:24,627 org.springframework.data.mongodb.core.convert.CustomConversions register - Registering converter from class java.lang.Number to class java.lang.Number as writing converter although it doesn't convert to a Mongo supported type! You might wanna check you annotation setup at the converter implementation.
[WARN] 2019-06-06 15:58:21,443 com.dpdocter.aop.DpDocterLoggingAspect beforeUpdateAccountDescription - Logging access to SearchServiceImpl.  Executing :: searchDoctors()
[WARN] 2019-06-06 15:58:21,446 com.dpdocter.aop.DpDocterLoggingAspect beforeUpdateAccountDescription - Going to call the method searchDoctors() in SearchServiceImpl at Thu Jun 06 15:58:21 EDT 2019
[WARN] 2019-06-06 15:58:31,291 com.dpdocter.aop.DpDocterLoggingAspect beforeUpdateAccountDescription - Method execution completed for searchDoctors() in SearchServiceImpl at Thu Jun 06 15:58:31 EDT 2019
[WARN] 2019-06-06 15:58:31,291 com.dpdocter.aop.DpDocterLoggingAspect beforeUpdateAccountDescription - Method searchDoctors() in SearchServiceImpl took 9845 milliseconds for execution
[WARN] 2019-06-06 16:00:49,535 org.springframework.data.mongodb.core.convert.CustomConversions register - Registering converter from class java.lang.Number to class java.lang.Number as writing converter although it doesn't convert to a Mongo supported type! You might wanna check you annotation setup at the converter implementation.
[WARN] 2019-06-06 16:03:42,920 com.dpdocter.aop.DpDocterLoggingAspect beforeUpdateAccountDescription - Logging access to SearchServiceImpl.  Executing :: searchDoctors()
[WARN] 2019-06-06 16:03:42,923 com.dpdocter.aop.DpDocterLoggingAspect beforeUpdateAccountDescription - Going to call the method searchDoctors() in SearchServiceImpl at Thu Jun 06 16:03:42 EDT 2019
[WARN] 2019-06-06 16:03:47,574 com.dpdocter.aop.DpDocterLoggingAspect beforeUpdateAccountDescription - Method execution completed for searchDoctors() in SearchServiceImpl at Thu Jun 06 16:03:47 EDT 2019
[WARN] 2019-06-06 16:03:47,575 com.dpdocter.aop.DpDocterLoggingAspect beforeUpdateAccountDescription - Method searchDoctors() in SearchServiceImpl took 4652 milliseconds for execution
[WARN] 2019-06-06 16:09:26,697 org.springframework.data.mongodb.core.convert.CustomConversions register - Registering converter from class java.lang.Number to class java.lang.Number as writing converter although it doesn't convert to a Mongo supported type! You might wanna check you annotation setup at the converter implementation.
[WARN] 2019-06-06 16:12:50,969 com.dpdocter.aop.DpDocterLoggingAspect beforeUpdateAccountDescription - Logging access to SearchServiceImpl.  Executing :: searchDoctors()
[WARN] 2019-06-06 16:12:50,971 com.dpdocter.aop.DpDocterLoggingAspect beforeUpdateAccountDescription - Going to call the method searchDoctors() in SearchServiceImpl at Thu Jun 06 16:12:50 EDT 2019
[WARN] 2019-06-06 16:13:00,144 org.dozer.config.GlobalSettings loadGlobalSettings - Dozer configuration file not found: dozer.properties.  Using defaults for all Dozer global properties.
[WARN] 2019-06-06 16:13:00,432 com.dpdocter.aop.DpDocterLoggingAspect beforeUpdateAccountDescription - Method execution completed for searchDoctors() in SearchServiceImpl at Thu Jun 06 16:13:00 EDT 2019
[WARN] 2019-06-06 16:13:00,433 com.dpdocter.aop.DpDocterLoggingAspect beforeUpdateAccountDescription - Method searchDoctors() in SearchServiceImpl took 9462 milliseconds for execution
[WARN] 2019-06-06 16:13:33,242 com.dpdocter.aop.DpDocterLoggingAspect beforeUpdateAccountDescription - Logging access to SearchServiceImpl.  Executing :: searchDoctors()
[WARN] 2019-06-06 16:13:33,242 com.dpdocter.aop.DpDocterLoggingAspect beforeUpdateAccountDescription - Going to call the method searchDoctors() in SearchServiceImpl at Thu Jun 06 16:13:33 EDT 2019
[WARN] 2019-06-06 16:13:46,622 com.dpdocter.aop.DpDocterLoggingAspect beforeUpdateAccountDescription - Method execution completed for searchDoctors() in SearchServiceImpl at Thu Jun 06 16:13:46 EDT 2019
[WARN] 2019-06-06 16:13:46,624 com.dpdocter.aop.DpDocterLoggingAspect beforeUpdateAccountDescription - Method searchDoctors() in SearchServiceImpl took 13382 milliseconds for execution
[WARN] 2019-06-06 16:16:28,916 org.springframework.data.mongodb.core.convert.CustomConversions register - Registering converter from class java.lang.Number to class java.lang.Number as writing converter although it doesn't convert to a Mongo supported type! You might wanna check you annotation setup at the converter implementation.
[WARN] 2019-06-06 16:18:37,949 com.dpdocter.aop.DpDocterLoggingAspect beforeUpdateAccountDescription - Logging access to SearchServiceImpl.  Executing :: searchDoctors()
[WARN] 2019-06-06 16:18:37,953 com.dpdocter.aop.DpDocterLoggingAspect beforeUpdateAccountDescription - Going to call the method searchDoctors() in SearchServiceImpl at Thu Jun 06 16:18:37 EDT 2019
[WARN] 2019-06-06 16:18:38,926 org.dozer.config.GlobalSettings loadGlobalSettings - Dozer configuration file not found: dozer.properties.  Using defaults for all Dozer global properties.
[WARN] 2019-06-06 16:18:39,157 com.dpdocter.aop.DpDocterLoggingAspect beforeUpdateAccountDescription - Method execution completed for searchDoctors() in SearchServiceImpl at Thu Jun 06 16:18:39 EDT 2019
[WARN] 2019-06-06 16:18:39,158 com.dpdocter.aop.DpDocterLoggingAspect beforeUpdateAccountDescription - Method searchDoctors() in SearchServiceImpl took 1206 milliseconds for execution
[WARN] 2019-06-06 16:18:55,551 com.dpdocter.aop.DpDocterLoggingAspect beforeUpdateAccountDescription - Logging access to SearchServiceImpl.  Executing :: searchDoctors()
[WARN] 2019-06-06 16:18:55,553 com.dpdocter.aop.DpDocterLoggingAspect beforeUpdateAccountDescription - Going to call the method searchDoctors() in SearchServiceImpl at Thu Jun 06 16:18:55 EDT 2019
[WARN] 2019-06-06 16:18:56,261 com.dpdocter.aop.DpDocterLoggingAspect beforeUpdateAccountDescription - Method execution completed for searchDoctors() in SearchServiceImpl at Thu Jun 06 16:18:56 EDT 2019
[WARN] 2019-06-06 16:18:56,261 com.dpdocter.aop.DpDocterLoggingAspect beforeUpdateAccountDescription - Method searchDoctors() in SearchServiceImpl took 708 milliseconds for execution
