#
# There is insufficient memory for the Java Runtime Environment to continue.
# Native memory allocation (mmap) failed to map 684720128 bytes for committing reserved memory.
# Possible reasons:
#   The system is out of physical RAM or swap space
#   The process is running with CompressedOops enabled, and the Java Heap may be blocking the growth of the native heap
# Possible solutions:
#   Reduce memory load on the system
#   Increase physical memory or swap space
#   Check if swap backing store is full
#   Decrease Java heap size (-Xmx/-Xms)
#   Decrease number of Java threads
#   Decrease Java thread stack sizes (-Xss)
#   Set larger code cache with -XX:ReservedCodeCacheSize=
#   JVM is running with Unscaled Compressed Oops mode in which the Java heap is
#     placed in the first 4GB address space. The Java Heap base address is the
#     maximum limit for the native heap growth. Please use -XX:HeapBaseMinAddress
#     to set the Java Heap base and to place the Java Heap above 4GB virtual address.
# This output file may be truncated or incomplete.
#
#  Out of Memory Error (os_linux.cpp:2709), pid=19654, tid=19666
#
# JRE version: OpenJDK Runtime Environment (11.0.1+13) (build 11.0.1+13)
# Java VM: OpenJDK 64-Bit Server VM (11.0.1+13, mixed mode, tiered, compressed oops, g1 gc, linux-amd64)
# Core dump will be written. Default location: Core dumps may be processed with "/usr/share/apport/apport %p %s %c %d %P" (or dumping to /home/healthcoco/Desktop/Doctor App/healthcoco-backend-app/dpdocter/core.19654)
#

---------------  S U M M A R Y ------------

Command Line: -Dmaven.home=EMBEDDED -Dclassworlds.conf=/home/healthcoco/eclipse-workspace/.metadata/.plugins/org.eclipse.m2e.launching/launches/m2conf9668643011858786765.tmp -Dmaven.multiModuleProjectDirectory=/home/healthcoco/Desktop/Doctor App/healthcoco-backend-app/dpdocter -Dfile.encoding=UTF-8 org.codehaus.plexus.classworlds.launcher.Launcher -Pdev -B install

Host: Intel(R) Core(TM) i3-5005U CPU @ 2.00GHz, 4 cores, 7G, Ubuntu 16.04.2 LTS
Time: Thu Jun  4 13:48:52 2020 IST elapsed time: 203 seconds (0d 0h 3m 23s)

---------------  T H R E A D  ---------------

Current thread (0x00007f8db0145800):  VMThread "VM Thread" [stack: 0x00007f8db4234000,0x00007f8db4334000] [id=19666]

Stack: [0x00007f8db4234000,0x00007f8db4334000],  sp=0x00007f8db43320a0,  free space=1016k
Native frames: (J=compiled Java code, A=aot compiled Java code, j=interpreted, Vv=VM code, C=native code)
V  [libjvm.so+0xe57157]  VMError::report_and_die(int, char const*, char const*, __va_list_tag*, Thread*, unsigned char*, void*, void*, char const*, int, unsigned long)+0x2c7
V  [libjvm.so+0xe57dab]  VMError::report_and_die(Thread*, char const*, int, unsigned long, VMErrorType, char const*, __va_list_tag*)+0x2b
V  [libjvm.so+0x6ca415]  report_vm_out_of_memory(char const*, int, unsigned long, VMErrorType, char const*, ...)+0xd5
V  [libjvm.so+0xc32c08]  os::pd_commit_memory_or_exit(char*, unsigned long, unsigned long, bool, char const*)+0x108
V  [libjvm.so+0xc2a63d]  os::commit_memory_or_exit(char*, unsigned long, unsigned long, bool, char const*)+0x1d
V  [libjvm.so+0x7ddeef]  G1PageBasedVirtualSpace::commit_preferred_pages(unsigned long, unsigned long)+0x5f
V  [libjvm.so+0x7de15e]  G1PageBasedVirtualSpace::commit(unsigned long, unsigned long)+0x5e
V  [libjvm.so+0x7e9f30]  G1RegionsLargerThanCommitSizeMapper::commit_regions(unsigned int, unsigned long, WorkGang*)+0x40
V  [libjvm.so+0x865589]  HeapRegionManager::commit_regions(unsigned int, unsigned long, WorkGang*)+0x89
V  [libjvm.so+0x8661df]  HeapRegionManager::make_regions_available(unsigned int, unsigned int, WorkGang*)+0x3f
V  [libjvm.so+0x866669]  HeapRegionManager::expand_at(unsigned int, unsigned int, WorkGang*) [clone .part.44]+0x119
V  [libjvm.so+0x7a2d0f]  G1CollectedHeap::expand(unsigned long, WorkGang*, double*)+0xdf
V  [libjvm.so+0x7a7a0a]  G1CollectedHeap::do_collection_pause_at_safepoint(double)+0x9ea
V  [libjvm.so+0xe6adc1]  VM_G1CollectForAllocation::doit()+0x81
V  [libjvm.so+0xe699b8]  VM_Operation::evaluate()+0xd8
V  [libjvm.so+0xe671ef]  VMThread::evaluate_operation(VM_Operation*) [clone .constprop.54]+0xff
V  [libjvm.so+0xe676fe]  VMThread::loop()+0x3be
V  [libjvm.so+0xe67b2b]  VMThread::run()+0x7b
V  [libjvm.so+0xc38880]  thread_native_entry(Thread*)+0xf0

VM_Operation (0x00007f8db9f25580): G1CollectForAllocation, mode: safepoint, requested by thread 0x00007f8db0011800


---------------  P R O C E S S  ---------------

Threads class SMR info:
_java_thread_list=0x00007f8d3c814fb0, length=9, elements={
0x00007f8db0011800, 0x00007f8db014d800, 0x00007f8db0152000, 0x00007f8db0164800,
0x00007f8db0166800, 0x00007f8db0168800, 0x00007f8db016a800, 0x00007f8db0208000,
0x00007f8db021c000
}

Java Threads: ( => current thread )
  0x00007f8db0011800 JavaThread "main" [_thread_blocked, id=19660, stack(0x00007f8db9e28000,0x00007f8db9f29000)]
  0x00007f8db014d800 JavaThread "Reference Handler" daemon [_thread_blocked, id=19667, stack(0x00007f8db4132000,0x00007f8db4233000)]
  0x00007f8db0152000 JavaThread "Finalizer" daemon [_thread_blocked, id=19668, stack(0x00007f8db4031000,0x00007f8db4132000)]
  0x00007f8db0164800 JavaThread "Signal Dispatcher" daemon [_thread_blocked, id=19669, stack(0x00007f8d98883000,0x00007f8d98984000)]
  0x00007f8db0166800 JavaThread "C2 CompilerThread0" daemon [_thread_blocked, id=19670, stack(0x00007f8d98782000,0x00007f8d98883000)]
  0x00007f8db0168800 JavaThread "C1 CompilerThread0" daemon [_thread_blocked, id=19671, stack(0x00007f8d98681000,0x00007f8d98782000)]
  0x00007f8db016a800 JavaThread "Sweeper thread" daemon [_thread_blocked, id=19672, stack(0x00007f8d98580000,0x00007f8d98681000)]
  0x00007f8db0208000 JavaThread "Service Thread" daemon [_thread_blocked, id=19673, stack(0x00007f8d9847f000,0x00007f8d98580000)]
  0x00007f8db021c000 JavaThread "Common-Cleaner" daemon [_thread_blocked, id=19675, stack(0x00007f8d9827d000,0x00007f8d9837e000)]

Other Threads:
=>0x00007f8db0145800 VMThread "VM Thread" [stack: 0x00007f8db4234000,0x00007f8db4334000] [id=19666]
  0x00007f8db020a800 WatcherThread [stack: 0x00007f8d9837f000,0x00007f8d9847f000] [id=19674]
  0x00007f8db0039000 GCTaskThread "GC Thread#0" [stack: 0x00007f8db63b1000,0x00007f8db64b1000] [id=19661]
  0x00007f8d7c001000 GCTaskThread "GC Thread#1" [stack: 0x00007f8d898fa000,0x00007f8d899fa000] [id=19676]
  0x00007f8d7c01c000 GCTaskThread "GC Thread#2" [stack: 0x00007f8d895f9000,0x00007f8d896f9000] [id=19706]
  0x00007f8d7c01e000 GCTaskThread "GC Thread#3" [stack: 0x00007f8d881f5000,0x00007f8d882f5000] [id=19753]
  0x00007f8db006a000 ConcurrentGCThread "G1 Main Marker" [stack: 0x00007f8db5318000,0x00007f8db5418000] [id=19662]
  0x00007f8db006b800 ConcurrentGCThread "G1 Conc#0" [stack: 0x00007f8db5217000,0x00007f8db5317000] [id=19663]
  0x00007f8db00e4000 ConcurrentGCThread "G1 Refine#0" [stack: 0x00007f8db4d12000,0x00007f8db4e12000] [id=19664]
  0x00007f8d80001800 ConcurrentGCThread "G1 Refine#1" [stack: 0x00007f8d884f8000,0x00007f8d885f8000] [id=19714]
  0x00007f8d4c0d1000 ConcurrentGCThread "G1 Refine#2" [stack: 0x00007f8d883f7000,0x00007f8d884f7000] [id=19715]
  0x00007f8d40001000 ConcurrentGCThread "G1 Refine#3" [stack: 0x00007f8d882f6000,0x00007f8d883f6000] [id=19716]
  0x00007f8db00e5800 ConcurrentGCThread "G1 Young RemSet Sampling" [stack: 0x00007f8db4c11000,0x00007f8db4d11000] [id=19665]

Threads with active compile tasks:
C1 CompilerThread07183       3       com.sun.tools.javac.code.Type::typeNoMetadata (19 bytes)

VM state:at safepoint (normal execution)

VM Mutex/Monitor currently owned by a thread:  ([mutex/lock_event])
[0x00007f8db000d6d0] Threads_lock - owner thread: 0x00007f8db0145800
[0x00007f8db000de20] Heap_lock - owner thread: 0x00007f8db0011800

Heap address: 0x0000000084800000, size: 1976 MB, Compressed Oops mode: 32-bit
Narrow klass base: 0x0000000000000000, Narrow klass shift: 3
Compressed class space size: 1073741824 Address: 0x0000000100000000

Heap:
 garbage-first heap   total 1020928K, used 232541K [0x0000000084800000, 0x0000000100000000)
  region size 1024K, 2 young (2048K), 2 survivors (2048K)
 Metaspace       used 32057K, capacity 32733K, committed 33024K, reserved 1079296K
  class space    used 3309K, capacity 3558K, committed 3584K, reserved 1048576K
Heap Regions: E=young(eden), S=young(survivor), O=old, HS=humongous(starts), HC=humongous(continues), CS=collection set, F=free, A=archive, TAMS=top-at-mark-start (previous, next)
|   0|0x0000000084800000, 0x0000000084900000, 0x0000000084900000|100%| O|  |TAMS 0x0000000084900000, 0x0000000084800000| Untracked 
|   1|0x0000000084900000, 0x0000000084a00000, 0x0000000084a00000|100%| O|  |TAMS 0x0000000084a00000, 0x0000000084900000| Untracked 
|   2|0x0000000084a00000, 0x0000000084b00000, 0x0000000084b00000|100%| O|  |TAMS 0x0000000084b00000, 0x0000000084a00000| Untracked 
|   3|0x0000000084b00000, 0x0000000084c00000, 0x0000000084c00000|100%| O|  |TAMS 0x0000000084c00000, 0x0000000084b00000| Untracked 
|   4|0x0000000084c00000, 0x0000000084d00000, 0x0000000084d00000|100%| O|  |TAMS 0x0000000084d00000, 0x0000000084c00000| Untracked 
|   5|0x0000000084d00000, 0x0000000084e00000, 0x0000000084e00000|100%| O|  |TAMS 0x0000000084e00000, 0x0000000084d00000| Untracked 
|   6|0x0000000084e00000, 0x0000000084f00000, 0x0000000084f00000|100%| O|  |TAMS 0x0000000084f00000, 0x0000000084e00000| Untracked 
|   7|0x0000000084f00000, 0x0000000085000000, 0x0000000085000000|100%| O|  |TAMS 0x0000000085000000, 0x0000000084f00000| Untracked 
|   8|0x0000000085000000, 0x0000000085100000, 0x0000000085100000|100%| O|  |TAMS 0x0000000085100000, 0x0000000085000000| Untracked 
|   9|0x0000000085100000, 0x0000000085200000, 0x0000000085200000|100%| O|  |TAMS 0x0000000085200000, 0x0000000085100000| Untracked 
|  10|0x0000000085200000, 0x0000000085300000, 0x0000000085300000|100%| O|  |TAMS 0x0000000085300000, 0x0000000085200000| Untracked 
|  11|0x0000000085300000, 0x0000000085400000, 0x0000000085400000|100%| O|  |TAMS 0x0000000085400000, 0x0000000085300000| Untracked 
|  12|0x0000000085400000, 0x0000000085500000, 0x0000000085500000|100%| O|  |TAMS 0x0000000085500000, 0x0000000085400000| Untracked 
|  13|0x0000000085500000, 0x0000000085600000, 0x0000000085600000|100%| O|  |TAMS 0x0000000085600000, 0x0000000085500000| Untracked 
|  14|0x0000000085600000, 0x0000000085700000, 0x0000000085700000|100%| O|  |TAMS 0x0000000085700000, 0x0000000085600000| Untracked 
|  15|0x0000000085700000, 0x0000000085800000, 0x0000000085800000|100%| O|  |TAMS 0x0000000085800000, 0x0000000085700000| Untracked 
|  16|0x0000000085800000, 0x0000000085900000, 0x0000000085900000|100%| O|  |TAMS 0x0000000085900000, 0x0000000085800000| Untracked 
|  17|0x0000000085900000, 0x0000000085a00000, 0x0000000085a00000|100%| O|  |TAMS 0x0000000085a00000, 0x0000000085900000| Untracked 
|  18|0x0000000085a00000, 0x0000000085b00000, 0x0000000085b00000|100%| O|  |TAMS 0x0000000085b00000, 0x0000000085a00000| Untracked 
|  19|0x0000000085b00000, 0x0000000085c00000, 0x0000000085c00000|100%| O|  |TAMS 0x0000000085c00000, 0x0000000085b00000| Untracked 
|  20|0x0000000085c00000, 0x0000000085d00000, 0x0000000085d00000|100%|HS|  |TAMS 0x0000000085d00000, 0x0000000085c00000| Complete 
|  21|0x0000000085d00000, 0x0000000085e00000, 0x0000000085e00000|100%| O|  |TAMS 0x0000000085e00000, 0x0000000085d00000| Untracked 
|  22|0x0000000085e00000, 0x0000000085f00000, 0x0000000085f00000|100%| O|  |TAMS 0x0000000085f00000, 0x0000000085e00000| Untracked 
|  23|0x0000000085f00000, 0x0000000086000000, 0x0000000086000000|100%| O|  |TAMS 0x0000000086000000, 0x0000000085f00000| Untracked 
|  24|0x0000000086000000, 0x0000000086100000, 0x0000000086100000|100%| O|  |TAMS 0x0000000086100000, 0x0000000086000000| Untracked 
|  25|0x0000000086100000, 0x0000000086200000, 0x0000000086200000|100%| O|  |TAMS 0x0000000086200000, 0x0000000086100000| Untracked 
|  26|0x0000000086200000, 0x0000000086300000, 0x0000000086300000|100%| O|  |TAMS 0x0000000086300000, 0x0000000086200000| Untracked 
|  27|0x0000000086300000, 0x0000000086400000, 0x0000000086400000|100%| O|  |TAMS 0x0000000086400000, 0x0000000086300000| Untracked 
|  28|0x0000000086400000, 0x0000000086500000, 0x0000000086500000|100%| O|  |TAMS 0x0000000086500000, 0x0000000086400000| Untracked 
|  29|0x0000000086500000, 0x0000000086600000, 0x0000000086600000|100%| O|  |TAMS 0x0000000086600000, 0x0000000086500000| Untracked 
|  30|0x0000000086600000, 0x0000000086700000, 0x0000000086700000|100%| O|  |TAMS 0x0000000086700000, 0x0000000086600000| Untracked 
|  31|0x0000000086700000, 0x0000000086800000, 0x0000000086800000|100%| O|  |TAMS 0x0000000086800000, 0x0000000086700000| Untracked 
|  32|0x0000000086800000, 0x0000000086900000, 0x0000000086900000|100%| O|  |TAMS 0x0000000086900000, 0x0000000086800000| Untracked 
|  33|0x0000000086900000, 0x0000000086a00000, 0x0000000086a00000|100%| O|  |TAMS 0x0000000086a00000, 0x0000000086900000| Untracked 
|  34|0x0000000086a00000, 0x0000000086b00000, 0x0000000086b00000|100%| O|  |TAMS 0x0000000086b00000, 0x0000000086a00000| Untracked 
|  35|0x0000000086b00000, 0x0000000086c00000, 0x0000000086c00000|100%| O|  |TAMS 0x0000000086c00000, 0x0000000086b00000| Untracked 
|  36|0x0000000086c00000, 0x0000000086d00000, 0x0000000086d00000|100%| O|  |TAMS 0x0000000086d00000, 0x0000000086c00000| Untracked 
|  37|0x0000000086d00000, 0x0000000086e00000, 0x0000000086e00000|100%| O|  |TAMS 0x0000000086e00000, 0x0000000086d00000| Untracked 
|  38|0x0000000086e00000, 0x0000000086f00000, 0x0000000086f00000|100%| O|  |TAMS 0x0000000086f00000, 0x0000000086e00000| Untracked 
|  39|0x0000000086f00000, 0x0000000087000000, 0x0000000087000000|100%| O|  |TAMS 0x0000000087000000, 0x0000000086f00000| Untracked 
|  40|0x0000000087000000, 0x0000000087100000, 0x0000000087100000|100%| O|  |TAMS 0x0000000087100000, 0x0000000087000000| Untracked 
|  41|0x0000000087100000, 0x0000000087200000, 0x0000000087200000|100%| O|  |TAMS 0x0000000087200000, 0x0000000087100000| Untracked 
|  42|0x0000000087200000, 0x0000000087300000, 0x0000000087300000|100%| O|  |TAMS 0x0000000087300000, 0x0000000087200000| Untracked 
|  43|0x0000000087300000, 0x0000000087400000, 0x0000000087400000|100%| O|  |TAMS 0x0000000087400000, 0x0000000087300000| Untracked 
|  44|0x0000000087400000, 0x0000000087500000, 0x0000000087500000|100%| O|  |TAMS 0x0000000087500000, 0x0000000087400000| Untracked 
|  45|0x0000000087500000, 0x0000000087600000, 0x0000000087600000|100%| O|  |TAMS 0x0000000087600000, 0x0000000087500000| Untracked 
|  46|0x0000000087600000, 0x0000000087700000, 0x0000000087700000|100%| O|  |TAMS 0x0000000087700000, 0x0000000087600000| Untracked 
|  47|0x0000000087700000, 0x0000000087800000, 0x0000000087800000|100%| O|  |TAMS 0x0000000087800000, 0x0000000087700000| Untracked 
|  48|0x0000000087800000, 0x0000000087900000, 0x0000000087900000|100%| O|  |TAMS 0x0000000087900000, 0x0000000087800000| Untracked 
|  49|0x0000000087900000, 0x0000000087a00000, 0x0000000087a00000|100%| O|  |TAMS 0x0000000087a00000, 0x0000000087900000| Untracked 
|  50|0x0000000087a00000, 0x0000000087b00000, 0x0000000087b00000|100%| O|  |TAMS 0x0000000087b00000, 0x0000000087a00000| Untracked 
|  51|0x0000000087b00000, 0x0000000087c00000, 0x0000000087c00000|100%| O|  |TAMS 0x0000000087c00000, 0x0000000087b00000| Untracked 
|  52|0x0000000087c00000, 0x0000000087d00000, 0x0000000087d00000|100%| O|  |TAMS 0x0000000087d00000, 0x0000000087c00000| Untracked 
|  53|0x0000000087d00000, 0x0000000087e00000, 0x0000000087e00000|100%| O|  |TAMS 0x0000000087e00000, 0x0000000087d00000| Untracked 
|  54|0x0000000087e00000, 0x0000000087f00000, 0x0000000087f00000|100%| O|  |TAMS 0x0000000087f00000, 0x0000000087e00000| Untracked 
|  55|0x0000000087f00000, 0x0000000088000000, 0x0000000088000000|100%| O|  |TAMS 0x0000000088000000, 0x0000000087f00000| Untracked 
|  56|0x0000000088000000, 0x0000000088100000, 0x0000000088100000|100%| O|  |TAMS 0x0000000088100000, 0x0000000088000000| Untracked 
|  57|0x0000000088100000, 0x0000000088200000, 0x0000000088200000|100%| O|  |TAMS 0x0000000088200000, 0x0000000088100000| Untracked 
|  58|0x0000000088200000, 0x0000000088300000, 0x0000000088300000|100%| O|  |TAMS 0x0000000088300000, 0x0000000088200000| Untracked 
|  59|0x0000000088300000, 0x0000000088400000, 0x0000000088400000|100%| O|  |TAMS 0x0000000088400000, 0x0000000088300000| Untracked 
|  60|0x0000000088400000, 0x0000000088500000, 0x0000000088500000|100%| O|  |TAMS 0x0000000088500000, 0x0000000088400000| Untracked 
|  61|0x0000000088500000, 0x0000000088600000, 0x0000000088600000|100%| O|  |TAMS 0x0000000088600000, 0x0000000088500000| Untracked 
|  62|0x0000000088600000, 0x0000000088700000, 0x0000000088700000|100%| O|  |TAMS 0x0000000088700000, 0x0000000088600000| Untracked 
|  63|0x0000000088700000, 0x0000000088800000, 0x0000000088800000|100%| O|  |TAMS 0x0000000088800000, 0x0000000088700000| Untracked 
|  64|0x0000000088800000, 0x0000000088900000, 0x0000000088900000|100%| O|  |TAMS 0x0000000088900000, 0x0000000088800000| Untracked 
|  65|0x0000000088900000, 0x0000000088a00000, 0x0000000088a00000|100%| O|  |TAMS 0x0000000088a00000, 0x0000000088900000| Untracked 
|  66|0x0000000088a00000, 0x0000000088b00000, 0x0000000088b00000|100%| O|  |TAMS 0x0000000088b00000, 0x0000000088a00000| Untracked 
|  67|0x0000000088b00000, 0x0000000088c00000, 0x0000000088c00000|100%| O|  |TAMS 0x0000000088c00000, 0x0000000088b00000| Untracked 
|  68|0x0000000088c00000, 0x0000000088d00000, 0x0000000088d00000|100%| O|  |TAMS 0x0000000088d00000, 0x0000000088c00000| Untracked 
|  69|0x0000000088d00000, 0x0000000088e00000, 0x0000000088e00000|100%| O|  |TAMS 0x0000000088e00000, 0x0000000088d00000| Untracked 
|  70|0x0000000088e00000, 0x0000000088f00000, 0x0000000088f00000|100%| O|  |TAMS 0x0000000088f00000, 0x0000000088e00000| Untracked 
|  71|0x0000000088f00000, 0x0000000089000000, 0x0000000089000000|100%| O|  |TAMS 0x0000000089000000, 0x0000000088f00000| Untracked 
|  72|0x0000000089000000, 0x0000000089100000, 0x0000000089100000|100%| O|  |TAMS 0x0000000089100000, 0x0000000089000000| Untracked 
|  73|0x0000000089100000, 0x0000000089200000, 0x0000000089200000|100%| O|  |TAMS 0x0000000089200000, 0x0000000089100000| Untracked 
|  74|0x0000000089200000, 0x0000000089300000, 0x0000000089300000|100%| O|  |TAMS 0x0000000089300000, 0x0000000089200000| Untracked 
|  75|0x0000000089300000, 0x0000000089400000, 0x0000000089400000|100%| O|  |TAMS 0x0000000089400000, 0x0000000089300000| Untracked 
|  76|0x0000000089400000, 0x0000000089500000, 0x0000000089500000|100%| O|  |TAMS 0x0000000089500000, 0x0000000089400000| Untracked 
|  77|0x0000000089500000, 0x0000000089600000, 0x0000000089600000|100%| O|  |TAMS 0x0000000089600000, 0x0000000089500000| Untracked 
|  78|0x0000000089600000, 0x0000000089700000, 0x0000000089700000|100%|HS|  |TAMS 0x0000000089700000, 0x0000000089600000| Complete 
|  79|0x0000000089700000, 0x0000000089800000, 0x0000000089800000|100%| O|  |TAMS 0x0000000089800000, 0x0000000089700000| Untracked 
|  80|0x0000000089800000, 0x0000000089900000, 0x0000000089900000|100%| O|  |TAMS 0x0000000089900000, 0x0000000089800000| Untracked 
|  81|0x0000000089900000, 0x0000000089a00000, 0x0000000089a00000|100%| O|  |TAMS 0x0000000089a00000, 0x0000000089900000| Untracked 
|  82|0x0000000089a00000, 0x0000000089b00000, 0x0000000089b00000|100%| O|  |TAMS 0x0000000089b00000, 0x0000000089a00000| Untracked 
|  83|0x0000000089b00000, 0x0000000089c00000, 0x0000000089c00000|100%| O|  |TAMS 0x0000000089c00000, 0x0000000089b00000| Untracked 
|  84|0x0000000089c00000, 0x0000000089d00000, 0x0000000089d00000|100%| O|  |TAMS 0x0000000089d00000, 0x0000000089c00000| Untracked 
|  85|0x0000000089d00000, 0x0000000089e00000, 0x0000000089e00000|100%| O|  |TAMS 0x0000000089e00000, 0x0000000089d00000| Untracked 
|  86|0x0000000089e00000, 0x0000000089f00000, 0x0000000089f00000|100%| O|  |TAMS 0x0000000089f00000, 0x0000000089e00000| Untracked 
|  87|0x0000000089f00000, 0x000000008a000000, 0x000000008a000000|100%| O|  |TAMS 0x000000008a000000, 0x0000000089f00000| Untracked 
|  88|0x000000008a000000, 0x000000008a100000, 0x000000008a100000|100%| O|  |TAMS 0x000000008a100000, 0x000000008a000000| Untracked 
|  89|0x000000008a100000, 0x000000008a200000, 0x000000008a200000|100%| O|  |TAMS 0x000000008a200000, 0x000000008a100000| Untracked 
|  90|0x000000008a200000, 0x000000008a300000, 0x000000008a300000|100%| O|  |TAMS 0x000000008a300000, 0x000000008a200000| Untracked 
|  91|0x000000008a300000, 0x000000008a400000, 0x000000008a400000|100%| O|  |TAMS 0x000000008a400000, 0x000000008a300000| Untracked 
|  92|0x000000008a400000, 0x000000008a500000, 0x000000008a500000|100%| O|  |TAMS 0x000000008a500000, 0x000000008a400000| Untracked 
|  93|0x000000008a500000, 0x000000008a600000, 0x000000008a600000|100%| O|  |TAMS 0x000000008a600000, 0x000000008a500000| Untracked 
|  94|0x000000008a600000, 0x000000008a700000, 0x000000008a700000|100%| O|  |TAMS 0x000000008a700000, 0x000000008a600000| Untracked 
|  95|0x000000008a700000, 0x000000008a800000, 0x000000008a800000|100%| O|  |TAMS 0x000000008a800000, 0x000000008a700000| Untracked 
|  96|0x000000008a800000, 0x000000008a900000, 0x000000008a900000|100%| O|  |TAMS 0x000000008a900000, 0x000000008a800000| Untracked 
|  97|0x000000008a900000, 0x000000008aa00000, 0x000000008aa00000|100%| O|  |TAMS 0x000000008aa00000, 0x000000008a900000| Untracked 
|  98|0x000000008aa00000, 0x000000008ab00000, 0x000000008ab00000|100%| O|  |TAMS 0x000000008ab00000, 0x000000008aa00000| Untracked 
|  99|0x000000008ab00000, 0x000000008ac00000, 0x000000008ac00000|100%| O|  |TAMS 0x000000008ac00000, 0x000000008ab00000| Untracked 
| 100|0x000000008ac00000, 0x000000008ad00000, 0x000000008ad00000|100%| O|  |TAMS 0x000000008ad00000, 0x000000008ac00000| Untracked 
| 101|0x000000008ad00000, 0x000000008ae00000, 0x000000008ae00000|100%| O|  |TAMS 0x000000008ae00000, 0x000000008ad00000| Untracked 
| 102|0x000000008ae00000, 0x000000008af00000, 0x000000008af00000|100%| O|  |TAMS 0x000000008af00000, 0x000000008ae00000| Untracked 
| 103|0x000000008af00000, 0x000000008b000000, 0x000000008b000000|100%| O|  |TAMS 0x000000008b000000, 0x000000008af00000| Untracked 
| 104|0x000000008b000000, 0x000000008b100000, 0x000000008b100000|100%| O|  |TAMS 0x000000008b100000, 0x000000008b000000| Untracked 
| 105|0x000000008b100000, 0x000000008b200000, 0x000000008b200000|100%| O|  |TAMS 0x000000008b200000, 0x000000008b100000| Untracked 
| 106|0x000000008b200000, 0x000000008b300000, 0x000000008b300000|100%| O|  |TAMS 0x000000008b300000, 0x000000008b200000| Untracked 
| 107|0x000000008b300000, 0x000000008b400000, 0x000000008b400000|100%| O|  |TAMS 0x000000008b400000, 0x000000008b300000| Untracked 
| 108|0x000000008b400000, 0x000000008b500000, 0x000000008b500000|100%| O|  |TAMS 0x000000008b500000, 0x000000008b400000| Untracked 
| 109|0x000000008b500000, 0x000000008b600000, 0x000000008b600000|100%| O|  |TAMS 0x000000008b600000, 0x000000008b500000| Untracked 
| 110|0x000000008b600000, 0x000000008b700000, 0x000000008b700000|100%| O|  |TAMS 0x000000008b700000, 0x000000008b600000| Untracked 
| 111|0x000000008b700000, 0x000000008b800000, 0x000000008b800000|100%| O|  |TAMS 0x000000008b800000, 0x000000008b700000| Untracked 
| 112|0x000000008b800000, 0x000000008b900000, 0x000000008b900000|100%| O|  |TAMS 0x000000008b900000, 0x000000008b800000| Untracked 
| 113|0x000000008b900000, 0x000000008ba00000, 0x000000008ba00000|100%|HS|  |TAMS 0x000000008ba00000, 0x000000008b900000| Complete 
| 114|0x000000008ba00000, 0x000000008bb00000, 0x000000008bb00000|100%| O|  |TAMS 0x000000008bb00000, 0x000000008ba00000| Untracked 
| 115|0x000000008bb00000, 0x000000008bc00000, 0x000000008bc00000|100%| O|  |TAMS 0x000000008bc00000, 0x000000008bb00000| Untracked 
| 116|0x000000008bc00000, 0x000000008bd00000, 0x000000008bd00000|100%| O|  |TAMS 0x000000008bd00000, 0x000000008bc00000| Untracked 
| 117|0x000000008bd00000, 0x000000008be00000, 0x000000008be00000|100%|HS|  |TAMS 0x000000008be00000, 0x000000008bd00000| Complete 
| 118|0x000000008be00000, 0x000000008bf00000, 0x000000008bf00000|100%| O|  |TAMS 0x000000008bf00000, 0x000000008be00000| Untracked 
| 119|0x000000008bf00000, 0x000000008c000000, 0x000000008c000000|100%| O|  |TAMS 0x000000008c000000, 0x000000008bf00000| Untracked 
| 120|0x000000008c000000, 0x000000008c100000, 0x000000008c100000|100%| O|  |TAMS 0x000000008c100000, 0x000000008c000000| Untracked 
| 121|0x000000008c100000, 0x000000008c200000, 0x000000008c200000|100%| O|  |TAMS 0x000000008c200000, 0x000000008c100000| Untracked 
| 122|0x000000008c200000, 0x000000008c300000, 0x000000008c300000|100%| O|  |TAMS 0x000000008c300000, 0x000000008c200000| Untracked 
| 123|0x000000008c300000, 0x000000008c400000, 0x000000008c400000|100%| O|  |TAMS 0x000000008c400000, 0x000000008c300000| Untracked 
| 124|0x000000008c400000, 0x000000008c500000, 0x000000008c500000|100%| O|  |TAMS 0x000000008c500000, 0x000000008c400000| Untracked 
| 125|0x000000008c500000, 0x000000008c600000, 0x000000008c600000|100%| O|  |TAMS 0x000000008c600000, 0x000000008c500000| Untracked 
| 126|0x000000008c600000, 0x000000008c700000, 0x000000008c700000|100%| O|  |TAMS 0x000000008c700000, 0x000000008c600000| Untracked 
| 127|0x000000008c700000, 0x000000008c800000, 0x000000008c800000|100%| O|  |TAMS 0x000000008c800000, 0x000000008c700000| Untracked 
| 128|0x000000008c800000, 0x000000008c900000, 0x000000008c900000|100%| O|  |TAMS 0x000000008c900000, 0x000000008c800000| Untracked 
| 129|0x000000008c900000, 0x000000008ca00000, 0x000000008ca00000|100%| O|  |TAMS 0x000000008ca00000, 0x000000008c900000| Untracked 
| 130|0x000000008ca00000, 0x000000008cb00000, 0x000000008cb00000|100%| O|  |TAMS 0x000000008cb00000, 0x000000008ca00000| Untracked 
| 131|0x000000008cb00000, 0x000000008cc00000, 0x000000008cc00000|100%| O|  |TAMS 0x000000008cc00000, 0x000000008cb00000| Untracked 
| 132|0x000000008cc00000, 0x000000008cd00000, 0x000000008cd00000|100%| O|  |TAMS 0x000000008cd00000, 0x000000008cc00000| Untracked 
| 133|0x000000008cd00000, 0x000000008ce00000, 0x000000008ce00000|100%| O|  |TAMS 0x000000008ce00000, 0x000000008cd00000| Untracked 
| 134|0x000000008ce00000, 0x000000008cf00000, 0x000000008cf00000|100%| O|  |TAMS 0x000000008cf00000, 0x000000008ce00000| Untracked 
| 135|0x000000008cf00000, 0x000000008d000000, 0x000000008d000000|100%| O|  |TAMS 0x000000008d000000, 0x000000008cf00000| Untracked 
| 136|0x000000008d000000, 0x000000008d100000, 0x000000008d100000|100%| O|  |TAMS 0x000000008d100000, 0x000000008d000000| Untracked 
| 137|0x000000008d100000, 0x000000008d200000, 0x000000008d200000|100%| O|  |TAMS 0x000000008d200000, 0x000000008d100000| Untracked 
| 138|0x000000008d200000, 0x000000008d300000, 0x000000008d300000|100%| O|  |TAMS 0x000000008d300000, 0x000000008d200000| Untracked 
| 139|0x000000008d300000, 0x000000008d400000, 0x000000008d400000|100%| O|  |TAMS 0x000000008d400000, 0x000000008d300000| Untracked 
| 140|0x000000008d400000, 0x000000008d500000, 0x000000008d500000|100%| O|  |TAMS 0x000000008d500000, 0x000000008d400000| Untracked 
| 141|0x000000008d500000, 0x000000008d600000, 0x000000008d600000|100%| O|  |TAMS 0x000000008d600000, 0x000000008d500000| Untracked 
| 142|0x000000008d600000, 0x000000008d700000, 0x000000008d700000|100%|HS|  |TAMS 0x000000008d700000, 0x000000008d600000| Complete 
| 143|0x000000008d700000, 0x000000008d800000, 0x000000008d800000|100%|HS|  |TAMS 0x000000008d800000, 0x000000008d700000| Complete 
| 144|0x000000008d800000, 0x000000008d900000, 0x000000008d900000|100%| O|  |TAMS 0x000000008d900000, 0x000000008d800000| Untracked 
| 145|0x000000008d900000, 0x000000008da00000, 0x000000008da00000|100%| O|  |TAMS 0x000000008da00000, 0x000000008d900000| Untracked 
| 146|0x000000008da00000, 0x000000008db00000, 0x000000008db00000|100%| O|  |TAMS 0x000000008db00000, 0x000000008da00000| Untracked 
| 147|0x000000008db00000, 0x000000008dc00000, 0x000000008dc00000|100%| O|  |TAMS 0x000000008db00000, 0x000000008db00000| Untracked 
| 148|0x000000008dc00000, 0x000000008dd00000, 0x000000008dd00000|100%| O|  |TAMS 0x000000008dc00000, 0x000000008dc00000| Untracked 
| 149|0x000000008dd00000, 0x000000008de00000, 0x000000008de00000|100%| O|  |TAMS 0x000000008de00000, 0x000000008dd00000| Untracked 
| 150|0x000000008de00000, 0x000000008df00000, 0x000000008df00000|100%| O|  |TAMS 0x000000008df00000, 0x000000008de00000| Untracked 
| 151|0x000000008df00000, 0x000000008e000000, 0x000000008e000000|100%| O|  |TAMS 0x000000008e000000, 0x000000008df00000| Untracked 
| 152|0x000000008e000000, 0x000000008e100000, 0x000000008e100000|100%| O|  |TAMS 0x000000008e100000, 0x000000008e000000| Untracked 
| 153|0x000000008e100000, 0x000000008e200000, 0x000000008e200000|100%| O|  |TAMS 0x000000008e200000, 0x000000008e100000| Untracked 
| 154|0x000000008e200000, 0x000000008e300000, 0x000000008e300000|100%| O|  |TAMS 0x000000008e300000, 0x000000008e200000| Untracked 
| 155|0x000000008e300000, 0x000000008e400000, 0x000000008e400000|100%| O|  |TAMS 0x000000008e400000, 0x000000008e300000| Untracked 
| 156|0x000000008e400000, 0x000000008e500000, 0x000000008e500000|100%| O|  |TAMS 0x000000008e500000, 0x000000008e400000| Untracked 
| 157|0x000000008e500000, 0x000000008e600000, 0x000000008e600000|100%| O|  |TAMS 0x000000008e600000, 0x000000008e500000| Untracked 
| 158|0x000000008e600000, 0x000000008e700000, 0x000000008e700000|100%| O|  |TAMS 0x000000008e700000, 0x000000008e600000| Untracked 
| 159|0x000000008e700000, 0x000000008e800000, 0x000000008e800000|100%| O|  |TAMS 0x000000008e800000, 0x000000008e700000| Untracked 
| 160|0x000000008e800000, 0x000000008e900000, 0x000000008e900000|100%| O|  |TAMS 0x000000008e900000, 0x000000008e800000| Untracked 
| 161|0x000000008e900000, 0x000000008ea00000, 0x000000008ea00000|100%| O|  |TAMS 0x000000008e900000, 0x000000008e900000| Untracked 
| 162|0x000000008ea00000, 0x000000008eb00000, 0x000000008eb00000|100%| O|  |TAMS 0x000000008eb00000, 0x000000008ea00000| Untracked 
| 163|0x000000008eb00000, 0x000000008ec00000, 0x000000008ec00000|100%| O|  |TAMS 0x000000008ec00000, 0x000000008eb00000| Untracked 
| 164|0x000000008ec00000, 0x000000008ed00000, 0x000000008ed00000|100%| O|  |TAMS 0x000000008ed00000, 0x000000008ec00000| Untracked 
| 165|0x000000008ed00000, 0x000000008ee00000, 0x000000008ee00000|100%| O|  |TAMS 0x000000008ee00000, 0x000000008ed00000| Untracked 
| 166|0x000000008ee00000, 0x000000008ef00000, 0x000000008ef00000|100%| O|  |TAMS 0x000000008ee00000, 0x000000008ee00000| Untracked 
| 167|0x000000008ef00000, 0x000000008f000000, 0x000000008f000000|100%| O|  |TAMS 0x000000008f000000, 0x000000008ef00000| Untracked 
| 168|0x000000008f000000, 0x000000008f100000, 0x000000008f100000|100%| O|  |TAMS 0x000000008f100000, 0x000000008f000000| Untracked 
| 169|0x000000008f100000, 0x000000008f200000, 0x000000008f200000|100%| O|  |TAMS 0x000000008f200000, 0x000000008f100000| Untracked 
| 170|0x000000008f200000, 0x000000008f300000, 0x000000008f300000|100%| O|  |TAMS 0x000000008f200000, 0x000000008f200000| Untracked 
| 171|0x000000008f300000, 0x000000008f400000, 0x000000008f400000|100%| O|  |TAMS 0x000000008f400000, 0x000000008f300000| Untracked 
| 172|0x000000008f400000, 0x000000008f500000, 0x000000008f500000|100%| O|  |TAMS 0x000000008f500000, 0x000000008f400000| Untracked 
| 173|0x000000008f500000, 0x000000008f600000, 0x000000008f600000|100%| O|  |TAMS 0x000000008f500000, 0x000000008f500000| Untracked 
| 174|0x000000008f600000, 0x000000008f700000, 0x000000008f700000|100%| O|  |TAMS 0x000000008f700000, 0x000000008f600000| Untracked 
| 175|0x000000008f700000, 0x000000008f800000, 0x000000008f800000|100%| O|  |TAMS 0x000000008f800000, 0x000000008f700000| Untracked 
| 176|0x000000008f800000, 0x000000008f900000, 0x000000008f900000|100%| O|  |TAMS 0x000000008f900000, 0x000000008f800000| Untracked 
| 177|0x000000008f900000, 0x000000008fa00000, 0x000000008fa00000|100%| O|  |TAMS 0x000000008fa00000, 0x000000008f900000| Untracked 
| 178|0x000000008fa00000, 0x000000008fb00000, 0x000000008fb00000|100%| O|  |TAMS 0x000000008fb00000, 0x000000008fa00000| Untracked 
| 179|0x000000008fb00000, 0x000000008fc00000, 0x000000008fc00000|100%| O|  |TAMS 0x000000008fc00000, 0x000000008fb00000| Untracked 
| 180|0x000000008fc00000, 0x000000008fd00000, 0x000000008fd00000|100%| O|  |TAMS 0x000000008fc00000, 0x000000008fc00000| Untracked 
| 181|0x000000008fd00000, 0x000000008fe00000, 0x000000008fe00000|100%| O|  |TAMS 0x000000008fd00000, 0x000000008fd00000| Untracked 
| 182|0x000000008fe00000, 0x000000008ff00000, 0x000000008ff00000|100%| O|  |TAMS 0x000000008ff00000, 0x000000008fe00000| Untracked 
| 183|0x000000008ff00000, 0x0000000090000000, 0x0000000090000000|100%| O|  |TAMS 0x000000008ff00000, 0x000000008ff00000| Untracked 
| 184|0x0000000090000000, 0x0000000090100000, 0x0000000090100000|100%| O|  |TAMS 0x0000000090000000, 0x0000000090000000| Untracked 
| 185|0x0000000090100000, 0x0000000090200000, 0x0000000090200000|100%| O|  |TAMS 0x0000000090100000, 0x0000000090100000| Untracked 
| 186|0x0000000090200000, 0x0000000090300000, 0x0000000090300000|100%| O|  |TAMS 0x0000000090300000, 0x0000000090200000| Untracked 
| 187|0x0000000090300000, 0x0000000090400000, 0x0000000090400000|100%| O|  |TAMS 0x0000000090400000, 0x0000000090300000| Untracked 
| 188|0x0000000090400000, 0x0000000090500000, 0x0000000090500000|100%| O|  |TAMS 0x0000000090400000, 0x0000000090400000| Untracked 
| 189|0x0000000090500000, 0x0000000090600000, 0x0000000090600000|100%| O|  |TAMS 0x0000000090500000, 0x0000000090500000| Untracked 
| 190|0x0000000090600000, 0x0000000090700000, 0x0000000090700000|100%| O|  |TAMS 0x0000000090657600, 0x0000000090600000| Untracked 
| 191|0x0000000090700000, 0x0000000090800000, 0x0000000090800000|100%| O|  |TAMS 0x0000000090700000, 0x0000000090700000| Untracked 
| 192|0x0000000090800000, 0x0000000090900000, 0x0000000090900000|100%| O|  |TAMS 0x0000000090800000, 0x0000000090800000| Untracked 
| 193|0x0000000090900000, 0x0000000090a00000, 0x0000000090a00000|100%| O|  |TAMS 0x0000000090900000, 0x0000000090900000| Untracked 
| 194|0x0000000090a00000, 0x0000000090b00000, 0x0000000090b00000|100%| O|  |TAMS 0x0000000090a00000, 0x0000000090a00000| Untracked 
| 195|0x0000000090b00000, 0x0000000090c00000, 0x0000000090c00000|100%| O|  |TAMS 0x0000000090b00000, 0x0000000090b00000| Untracked 
| 196|0x0000000090c00000, 0x0000000090d00000, 0x0000000090d00000|100%| O|  |TAMS 0x0000000090c00000, 0x0000000090c00000| Untracked 
| 197|0x0000000090d00000, 0x0000000090e00000, 0x0000000090e00000|100%| O|  |TAMS 0x0000000090d00000, 0x0000000090d00000| Untracked 
| 198|0x0000000090e00000, 0x0000000090f00000, 0x0000000090f00000|100%| O|  |TAMS 0x0000000090e00000, 0x0000000090e00000| Untracked 
| 199|0x0000000090f00000, 0x0000000091000000, 0x0000000091000000|100%| O|  |TAMS 0x0000000090f00000, 0x0000000090f00000| Untracked 
| 200|0x0000000091000000, 0x0000000091100000, 0x0000000091100000|100%| O|  |TAMS 0x0000000091000000, 0x0000000091000000| Untracked 
| 201|0x0000000091100000, 0x0000000091200000, 0x0000000091200000|100%| O|  |TAMS 0x0000000091100000, 0x0000000091100000| Untracked 
| 202|0x0000000091200000, 0x0000000091300000, 0x0000000091300000|100%| O|  |TAMS 0x0000000091200000, 0x0000000091200000| Untracked 
| 203|0x0000000091300000, 0x0000000091400000, 0x0000000091400000|100%| O|  |TAMS 0x0000000091300000, 0x0000000091300000| Untracked 
| 204|0x0000000091400000, 0x0000000091500000, 0x0000000091500000|100%| O|  |TAMS 0x0000000091400000, 0x0000000091400000| Untracked 
| 205|0x0000000091500000, 0x0000000091600000, 0x0000000091600000|100%| O|  |TAMS 0x0000000091500000, 0x0000000091500000| Untracked 
| 206|0x0000000091600000, 0x0000000091700000, 0x0000000091700000|100%| O|  |TAMS 0x0000000091600000, 0x0000000091600000| Untracked 
| 207|0x0000000091700000, 0x0000000091800000, 0x0000000091800000|100%| O|  |TAMS 0x0000000091700000, 0x0000000091700000| Untracked 
| 208|0x0000000091800000, 0x0000000091900000, 0x0000000091900000|100%|HS|  |TAMS 0x0000000091800000, 0x0000000091800000| Complete 
| 209|0x0000000091900000, 0x0000000091a00000, 0x0000000091a00000|100%|HC|  |TAMS 0x0000000091900000, 0x0000000091900000| Complete 
| 210|0x0000000091a00000, 0x0000000091b00000, 0x0000000091b00000|100%|HC|  |TAMS 0x0000000091a00000, 0x0000000091a00000| Complete 
| 211|0x0000000091b00000, 0x0000000091c00000, 0x0000000091c00000|100%| O|  |TAMS 0x0000000091b00000, 0x0000000091b00000| Untracked 
| 212|0x0000000091c00000, 0x0000000091d00000, 0x0000000091d00000|100%| O|  |TAMS 0x0000000091c00000, 0x0000000091c00000| Untracked 
| 213|0x0000000091d00000, 0x0000000091e00000, 0x0000000091e00000|100%| O|  |TAMS 0x0000000091d00000, 0x0000000091d00000| Untracked 
| 214|0x0000000091e00000, 0x0000000091f00000, 0x0000000091f00000|100%| O|  |TAMS 0x0000000091e00000, 0x0000000091e00000| Untracked 
| 215|0x0000000091f00000, 0x0000000092000000, 0x0000000092000000|100%| O|  |TAMS 0x0000000091f00000, 0x0000000091f00000| Untracked 
| 216|0x0000000092000000, 0x0000000092100000, 0x0000000092100000|100%| O|  |TAMS 0x0000000092000000, 0x0000000092000000| Untracked 
| 217|0x0000000092100000, 0x0000000092200000, 0x0000000092200000|100%| O|  |TAMS 0x0000000092100000, 0x0000000092100000| Untracked 
| 218|0x0000000092200000, 0x0000000092300000, 0x0000000092300000|100%| O|  |TAMS 0x0000000092200000, 0x0000000092200000| Untracked 
| 219|0x0000000092300000, 0x0000000092400000, 0x0000000092400000|100%| O|  |TAMS 0x0000000092300000, 0x0000000092300000| Untracked 
| 220|0x0000000092400000, 0x0000000092500000, 0x0000000092500000|100%| O|  |TAMS 0x0000000092400000, 0x0000000092400000| Untracked 
| 221|0x0000000092500000, 0x0000000092600000, 0x0000000092600000|100%| O|  |TAMS 0x0000000092500000, 0x0000000092500000| Untracked 
| 222|0x0000000092600000, 0x0000000092700000, 0x0000000092700000|100%| O|  |TAMS 0x0000000092600000, 0x0000000092600000| Untracked 
| 223|0x0000000092700000, 0x0000000092800000, 0x0000000092800000|100%| O|  |TAMS 0x0000000092700000, 0x0000000092700000| Untracked 
| 224|0x0000000092800000, 0x0000000092900000, 0x0000000092900000|100%| O|  |TAMS 0x0000000092800000, 0x0000000092800000| Untracked 
| 225|0x0000000092900000, 0x0000000092977800, 0x0000000092a00000| 46%| O|  |TAMS 0x0000000092900000, 0x0000000092900000| Untracked 
| 226|0x0000000092a00000, 0x0000000092a00000, 0x0000000092b00000|  0%| F|  |TAMS 0x0000000092a00000, 0x0000000092a00000| Untracked 
| 227|0x0000000092b00000, 0x0000000092b00000, 0x0000000092c00000|  0%| F|  |TAMS 0x0000000092b00000, 0x0000000092b00000| Untracked 
| 228|0x0000000092c00000, 0x0000000092c00000, 0x0000000092d00000|  0%| F|  |TAMS 0x0000000092c00000, 0x0000000092c00000| Untracked 
| 229|0x0000000092d00000, 0x0000000092d00000, 0x0000000092e00000|  0%| F|  |TAMS 0x0000000092d00000, 0x0000000092d00000| Untracked 
| 230|0x0000000092e00000, 0x0000000092e00000, 0x0000000092f00000|  0%| F|  |TAMS 0x0000000092e00000, 0x0000000092e00000| Untracked 
| 231|0x0000000092f00000, 0x0000000092f00000, 0x0000000093000000|  0%| F|  |TAMS 0x0000000092f00000, 0x0000000092f00000| Untracked 
| 232|0x0000000093000000, 0x0000000093000000, 0x0000000093100000|  0%| F|  |TAMS 0x0000000093000000, 0x0000000093000000| Untracked 
| 233|0x0000000093100000, 0x0000000093100000, 0x0000000093200000|  0%| F|  |TAMS 0x0000000093100000, 0x0000000093100000| Untracked 
| 234|0x0000000093200000, 0x0000000093200000, 0x0000000093300000|  0%| F|  |TAMS 0x0000000093200000, 0x0000000093200000| Untracked 
| 235|0x0000000093300000, 0x0000000093300000, 0x0000000093400000|  0%| F|  |TAMS 0x0000000093300000, 0x0000000093300000| Untracked 
| 236|0x0000000093400000, 0x0000000093400000, 0x0000000093500000|  0%| F|  |TAMS 0x0000000093400000, 0x0000000093400000| Untracked 
| 237|0x0000000093500000, 0x0000000093500000, 0x0000000093600000|  0%| F|  |TAMS 0x0000000093500000, 0x0000000093500000| Untracked 
| 238|0x0000000093600000, 0x0000000093600000, 0x0000000093700000|  0%| F|  |TAMS 0x0000000093600000, 0x0000000093600000| Untracked 
| 239|0x0000000093700000, 0x0000000093700000, 0x0000000093800000|  0%| F|  |TAMS 0x0000000093700000, 0x0000000093700000| Untracked 
| 240|0x0000000093800000, 0x0000000093800000, 0x0000000093900000|  0%| F|  |TAMS 0x0000000093800000, 0x0000000093800000| Untracked 
| 241|0x0000000093900000, 0x0000000093900000, 0x0000000093a00000|  0%| F|  |TAMS 0x0000000093900000, 0x0000000093900000| Untracked 
| 242|0x0000000093a00000, 0x0000000093a00000, 0x0000000093b00000|  0%| F|  |TAMS 0x0000000093a00000, 0x0000000093a00000| Untracked 
| 243|0x0000000093b00000, 0x0000000093b00000, 0x0000000093c00000|  0%| F|  |TAMS 0x0000000093b00000, 0x0000000093b00000| Untracked 
| 244|0x0000000093c00000, 0x0000000093c00000, 0x0000000093d00000|  0%| F|  |TAMS 0x0000000093c00000, 0x0000000093c00000| Untracked 
| 245|0x0000000093d00000, 0x0000000093d00000, 0x0000000093e00000|  0%| F|  |TAMS 0x0000000093d00000, 0x0000000093d00000| Untracked 
| 246|0x0000000093e00000, 0x0000000093e00000, 0x0000000093f00000|  0%| F|  |TAMS 0x0000000093e00000, 0x0000000093e00000| Untracked 
| 247|0x0000000093f00000, 0x0000000093f00000, 0x0000000094000000|  0%| F|  |TAMS 0x0000000093f00000, 0x0000000093f00000| Untracked 
| 248|0x0000000094000000, 0x0000000094000000, 0x0000000094100000|  0%| F|  |TAMS 0x0000000094000000, 0x0000000094000000| Untracked 
| 249|0x0000000094100000, 0x0000000094100000, 0x0000000094200000|  0%| F|  |TAMS 0x0000000094100000, 0x0000000094100000| Untracked 
| 250|0x0000000094200000, 0x0000000094200000, 0x0000000094300000|  0%| F|  |TAMS 0x0000000094200000, 0x0000000094200000| Untracked 
| 251|0x0000000094300000, 0x0000000094300000, 0x0000000094400000|  0%| F|  |TAMS 0x0000000094300000, 0x0000000094300000| Untracked 
| 252|0x0000000094400000, 0x0000000094400000, 0x0000000094500000|  0%| F|  |TAMS 0x0000000094400000, 0x0000000094400000| Untracked 
| 253|0x0000000094500000, 0x0000000094500000, 0x0000000094600000|  0%| F|  |TAMS 0x0000000094500000, 0x0000000094500000| Untracked 
| 254|0x0000000094600000, 0x0000000094600000, 0x0000000094700000|  0%| F|  |TAMS 0x0000000094600000, 0x0000000094600000| Untracked 
| 255|0x0000000094700000, 0x0000000094700000, 0x0000000094800000|  0%| F|  |TAMS 0x0000000094700000, 0x0000000094700000| Untracked 
| 256|0x0000000094800000, 0x0000000094800000, 0x0000000094900000|  0%| F|  |TAMS 0x0000000094800000, 0x0000000094800000| Untracked 
| 257|0x0000000094900000, 0x0000000094900000, 0x0000000094a00000|  0%| F|  |TAMS 0x0000000094900000, 0x0000000094900000| Untracked 
| 258|0x0000000094a00000, 0x0000000094a00000, 0x0000000094b00000|  0%| F|  |TAMS 0x0000000094a00000, 0x0000000094a00000| Untracked 
| 259|0x0000000094b00000, 0x0000000094b00000, 0x0000000094c00000|  0%| F|  |TAMS 0x0000000094b00000, 0x0000000094b00000| Untracked 
| 260|0x0000000094c00000, 0x0000000094c00000, 0x0000000094d00000|  0%| F|  |TAMS 0x0000000094c00000, 0x0000000094c00000| Untracked 
| 261|0x0000000094d00000, 0x0000000094d00000, 0x0000000094e00000|  0%| F|  |TAMS 0x0000000094d00000, 0x0000000094d00000| Untracked 
| 262|0x0000000094e00000, 0x0000000094e00000, 0x0000000094f00000|  0%| F|  |TAMS 0x0000000094e00000, 0x0000000094e00000| Untracked 
| 263|0x0000000094f00000, 0x0000000094f00000, 0x0000000095000000|  0%| F|  |TAMS 0x0000000094f00000, 0x0000000094f00000| Untracked 
| 264|0x0000000095000000, 0x0000000095000000, 0x0000000095100000|  0%| F|  |TAMS 0x0000000095000000, 0x0000000095000000| Untracked 
| 265|0x0000000095100000, 0x0000000095100000, 0x0000000095200000|  0%| F|  |TAMS 0x0000000095100000, 0x0000000095100000| Untracked 
| 266|0x0000000095200000, 0x0000000095200000, 0x0000000095300000|  0%| F|  |TAMS 0x0000000095200000, 0x0000000095200000| Untracked 
| 267|0x0000000095300000, 0x0000000095300000, 0x0000000095400000|  0%| F|  |TAMS 0x0000000095300000, 0x0000000095300000| Untracked 
| 268|0x0000000095400000, 0x0000000095400000, 0x0000000095500000|  0%| F|  |TAMS 0x0000000095400000, 0x0000000095400000| Untracked 
| 269|0x0000000095500000, 0x0000000095500000, 0x0000000095600000|  0%| F|  |TAMS 0x0000000095500000, 0x0000000095500000| Untracked 
| 270|0x0000000095600000, 0x0000000095600000, 0x0000000095700000|  0%| F|  |TAMS 0x0000000095600000, 0x0000000095600000| Untracked 
| 271|0x0000000095700000, 0x0000000095700000, 0x0000000095800000|  0%| F|  |TAMS 0x0000000095700000, 0x0000000095700000| Untracked 
| 272|0x0000000095800000, 0x0000000095800000, 0x0000000095900000|  0%| F|  |TAMS 0x0000000095800000, 0x0000000095800000| Untracked 
| 273|0x0000000095900000, 0x0000000095900000, 0x0000000095a00000|  0%| F|  |TAMS 0x0000000095900000, 0x0000000095900000| Untracked 
| 274|0x0000000095a00000, 0x0000000095a00000, 0x0000000095b00000|  0%| F|  |TAMS 0x0000000095a00000, 0x0000000095a00000| Untracked 
| 275|0x0000000095b00000, 0x0000000095b00000, 0x0000000095c00000|  0%| F|  |TAMS 0x0000000095b00000, 0x0000000095b00000| Untracked 
| 276|0x0000000095c00000, 0x0000000095c00000, 0x0000000095d00000|  0%| F|  |TAMS 0x0000000095c00000, 0x0000000095c00000| Untracked 
| 277|0x0000000095d00000, 0x0000000095d00000, 0x0000000095e00000|  0%| F|  |TAMS 0x0000000095d00000, 0x0000000095d00000| Untracked 
| 278|0x0000000095e00000, 0x0000000095e00000, 0x0000000095f00000|  0%| F|  |TAMS 0x0000000095e00000, 0x0000000095e00000| Untracked 
| 279|0x0000000095f00000, 0x0000000095f00000, 0x0000000096000000|  0%| F|  |TAMS 0x0000000095f00000, 0x0000000095f00000| Untracked 
| 280|0x0000000096000000, 0x0000000096000000, 0x0000000096100000|  0%| F|  |TAMS 0x0000000096000000, 0x0000000096000000| Untracked 
| 281|0x0000000096100000, 0x0000000096100000, 0x0000000096200000|  0%| F|  |TAMS 0x0000000096100000, 0x0000000096100000| Untracked 
| 282|0x0000000096200000, 0x0000000096200000, 0x0000000096300000|  0%| F|  |TAMS 0x0000000096200000, 0x0000000096200000| Untracked 
| 283|0x0000000096300000, 0x0000000096300000, 0x0000000096400000|  0%| F|  |TAMS 0x0000000096300000, 0x0000000096300000| Untracked 
| 284|0x0000000096400000, 0x0000000096400000, 0x0000000096500000|  0%| F|  |TAMS 0x0000000096400000, 0x0000000096400000| Untracked 
| 285|0x0000000096500000, 0x0000000096500000, 0x0000000096600000|  0%| F|  |TAMS 0x0000000096500000, 0x0000000096500000| Untracked 
| 286|0x0000000096600000, 0x0000000096600000, 0x0000000096700000|  0%| F|  |TAMS 0x0000000096600000, 0x0000000096600000| Untracked 
| 287|0x0000000096700000, 0x0000000096700000, 0x0000000096800000|  0%| F|  |TAMS 0x0000000096700000, 0x0000000096700000| Untracked 
| 288|0x0000000096800000, 0x0000000096800000, 0x0000000096900000|  0%| F|  |TAMS 0x0000000096800000, 0x0000000096800000| Untracked 
| 289|0x0000000096900000, 0x0000000096900000, 0x0000000096a00000|  0%| F|  |TAMS 0x0000000096900000, 0x0000000096900000| Untracked 
| 290|0x0000000096a00000, 0x0000000096a00000, 0x0000000096b00000|  0%| F|  |TAMS 0x0000000096a00000, 0x0000000096a00000| Untracked 
| 291|0x0000000096b00000, 0x0000000096b00000, 0x0000000096c00000|  0%| F|  |TAMS 0x0000000096b00000, 0x0000000096b00000| Untracked 
| 292|0x0000000096c00000, 0x0000000096c00000, 0x0000000096d00000|  0%| F|  |TAMS 0x0000000096c00000, 0x0000000096c00000| Untracked 
| 293|0x0000000096d00000, 0x0000000096d00000, 0x0000000096e00000|  0%| F|  |TAMS 0x0000000096d00000, 0x0000000096d00000| Untracked 
| 294|0x0000000096e00000, 0x0000000096e00000, 0x0000000096f00000|  0%| F|  |TAMS 0x0000000096e00000, 0x0000000096e00000| Untracked 
| 295|0x0000000096f00000, 0x0000000096f00000, 0x0000000097000000|  0%| F|  |TAMS 0x0000000096f00000, 0x0000000096f00000| Untracked 
| 296|0x0000000097000000, 0x0000000097000000, 0x0000000097100000|  0%| F|  |TAMS 0x0000000097000000, 0x0000000097000000| Untracked 
| 297|0x0000000097100000, 0x0000000097100000, 0x0000000097200000|  0%| F|  |TAMS 0x0000000097100000, 0x0000000097100000| Untracked 
| 298|0x0000000097200000, 0x0000000097200000, 0x0000000097300000|  0%| F|  |TAMS 0x0000000097200000, 0x0000000097200000| Untracked 
| 299|0x0000000097300000, 0x0000000097300000, 0x0000000097400000|  0%| F|  |TAMS 0x0000000097300000, 0x0000000097300000| Untracked 
| 300|0x0000000097400000, 0x0000000097400000, 0x0000000097500000|  0%| F|  |TAMS 0x0000000097400000, 0x0000000097400000| Untracked 
| 301|0x0000000097500000, 0x0000000097500000, 0x0000000097600000|  0%| F|  |TAMS 0x0000000097500000, 0x0000000097500000| Untracked 
| 302|0x0000000097600000, 0x0000000097600000, 0x0000000097700000|  0%| F|  |TAMS 0x0000000097600000, 0x0000000097600000| Untracked 
| 303|0x0000000097700000, 0x0000000097700000, 0x0000000097800000|  0%| F|  |TAMS 0x0000000097700000, 0x0000000097700000| Untracked 
| 304|0x0000000097800000, 0x0000000097800000, 0x0000000097900000|  0%| F|  |TAMS 0x0000000097800000, 0x0000000097800000| Untracked 
| 305|0x0000000097900000, 0x0000000097900000, 0x0000000097a00000|  0%| F|  |TAMS 0x0000000097900000, 0x0000000097900000| Untracked 
| 306|0x0000000097a00000, 0x0000000097a00000, 0x0000000097b00000|  0%| F|  |TAMS 0x0000000097a00000, 0x0000000097a00000| Untracked 
| 307|0x0000000097b00000, 0x0000000097b00000, 0x0000000097c00000|  0%| F|  |TAMS 0x0000000097b00000, 0x0000000097b00000| Untracked 
| 308|0x0000000097c00000, 0x0000000097c00000, 0x0000000097d00000|  0%| F|  |TAMS 0x0000000097c00000, 0x0000000097c00000| Untracked 
| 309|0x0000000097d00000, 0x0000000097d00000, 0x0000000097e00000|  0%| F|  |TAMS 0x0000000097d00000, 0x0000000097d00000| Untracked 
| 310|0x0000000097e00000, 0x0000000097e00000, 0x0000000097f00000|  0%| F|  |TAMS 0x0000000097e00000, 0x0000000097e00000| Untracked 
| 311|0x0000000097f00000, 0x0000000097f00000, 0x0000000098000000|  0%| F|  |TAMS 0x0000000097f00000, 0x0000000097f00000| Untracked 
| 312|0x0000000098000000, 0x0000000098000000, 0x0000000098100000|  0%| F|  |TAMS 0x0000000098000000, 0x0000000098000000| Untracked 
| 313|0x0000000098100000, 0x0000000098100000, 0x0000000098200000|  0%| F|  |TAMS 0x0000000098100000, 0x0000000098100000| Untracked 
| 314|0x0000000098200000, 0x0000000098200000, 0x0000000098300000|  0%| F|  |TAMS 0x0000000098200000, 0x0000000098200000| Untracked 
| 315|0x0000000098300000, 0x0000000098300000, 0x0000000098400000|  0%| F|  |TAMS 0x0000000098300000, 0x0000000098300000| Untracked 
| 316|0x0000000098400000, 0x0000000098400000, 0x0000000098500000|  0%| F|  |TAMS 0x0000000098400000, 0x0000000098400000| Untracked 
| 317|0x0000000098500000, 0x0000000098500000, 0x0000000098600000|  0%| F|  |TAMS 0x0000000098500000, 0x0000000098500000| Untracked 
| 318|0x0000000098600000, 0x0000000098600000, 0x0000000098700000|  0%| F|  |TAMS 0x0000000098600000, 0x0000000098600000| Untracked 
| 319|0x0000000098700000, 0x0000000098700000, 0x0000000098800000|  0%| F|  |TAMS 0x0000000098700000, 0x0000000098700000| Untracked 
| 320|0x0000000098800000, 0x0000000098800000, 0x0000000098900000|  0%| F|  |TAMS 0x0000000098800000, 0x0000000098800000| Untracked 
| 321|0x0000000098900000, 0x0000000098900000, 0x0000000098a00000|  0%| F|  |TAMS 0x0000000098900000, 0x0000000098900000| Untracked 
| 322|0x0000000098a00000, 0x0000000098a00000, 0x0000000098b00000|  0%| F|  |TAMS 0x0000000098a00000, 0x0000000098a00000| Untracked 
| 323|0x0000000098b00000, 0x0000000098b00000, 0x0000000098c00000|  0%| F|  |TAMS 0x0000000098b00000, 0x0000000098b00000| Untracked 
| 324|0x0000000098c00000, 0x0000000098c00000, 0x0000000098d00000|  0%| F|  |TAMS 0x0000000098c00000, 0x0000000098c00000| Untracked 
| 325|0x0000000098d00000, 0x0000000098d00000, 0x0000000098e00000|  0%| F|  |TAMS 0x0000000098d00000, 0x0000000098d00000| Untracked 
| 326|0x0000000098e00000, 0x0000000098e00000, 0x0000000098f00000|  0%| F|  |TAMS 0x0000000098e00000, 0x0000000098e00000| Untracked 
| 327|0x0000000098f00000, 0x0000000098f00000, 0x0000000099000000|  0%| F|  |TAMS 0x0000000098f00000, 0x0000000098f00000| Untracked 
| 328|0x0000000099000000, 0x000000009909fcc0, 0x0000000099100000| 62%| S|CS|TAMS 0x0000000099000000, 0x0000000099000000| Complete 
| 329|0x0000000099100000, 0x0000000099200000, 0x0000000099200000|100%| S|CS|TAMS 0x0000000099100000, 0x0000000099100000| Complete 
| 330|0x0000000099200000, 0x0000000099200000, 0x0000000099300000|  0%| F|  |TAMS 0x0000000099200000, 0x0000000099200000| Untracked 
| 331|0x0000000099300000, 0x0000000099300000, 0x0000000099400000|  0%| F|  |TAMS 0x0000000099300000, 0x0000000099300000| Untracked 
| 332|0x0000000099400000, 0x0000000099400000, 0x0000000099500000|  0%| F|  |TAMS 0x0000000099400000, 0x0000000099400000| Untracked 
| 333|0x0000000099500000, 0x0000000099500000, 0x0000000099600000|  0%| F|  |TAMS 0x0000000099500000, 0x0000000099500000| Untracked 
| 334|0x0000000099600000, 0x0000000099600000, 0x0000000099700000|  0%| F|  |TAMS 0x0000000099600000, 0x0000000099600000| Untracked 
| 335|0x0000000099700000, 0x0000000099700000, 0x0000000099800000|  0%| F|  |TAMS 0x0000000099700000, 0x0000000099700000| Untracked 
| 336|0x0000000099800000, 0x0000000099800000, 0x0000000099900000|  0%| F|  |TAMS 0x0000000099800000, 0x0000000099800000| Untracked 
| 337|0x0000000099900000, 0x0000000099900000, 0x0000000099a00000|  0%| F|  |TAMS 0x0000000099900000, 0x0000000099900000| Untracked 
| 338|0x0000000099a00000, 0x0000000099a00000, 0x0000000099b00000|  0%| F|  |TAMS 0x0000000099a00000, 0x0000000099a00000| Untracked 
| 339|0x0000000099b00000, 0x0000000099b00000, 0x0000000099c00000|  0%| F|  |TAMS 0x0000000099b00000, 0x0000000099b00000| Untracked 
| 340|0x0000000099c00000, 0x0000000099c00000, 0x0000000099d00000|  0%| F|  |TAMS 0x0000000099c00000, 0x0000000099c00000| Untracked 
| 341|0x0000000099d00000, 0x0000000099d00000, 0x0000000099e00000|  0%| F|  |TAMS 0x0000000099d00000, 0x0000000099d00000| Untracked 
| 342|0x0000000099e00000, 0x0000000099e00000, 0x0000000099f00000|  0%| F|  |TAMS 0x0000000099e00000, 0x0000000099e00000| Untracked 
| 343|0x0000000099f00000, 0x0000000099f00000, 0x000000009a000000|  0%| F|  |TAMS 0x0000000099f00000, 0x0000000099f00000| Untracked 

Card table byte_map: [0x00007f8db57f4000,0x00007f8db5bd0000] _byte_map_base: 0x00007f8db53d0000

Marking Bits (Prev, Next): (CMBitMap*) 0x00007f8db0061538, (CMBitMap*) 0x00007f8db0061570
 Prev Bits: [0x00007f8d92120000, 0x00007f8d94000000)
 Next Bits: [0x00007f8d90240000, 0x00007f8d92120000)

Polling page: 0x00007f8db9f51000

Metaspace:

Usage:
  Non-class:     28.49 MB capacity,    28.07 MB ( 99%) used,   371.11 KB (  1%) free+waste,    56.06 KB ( <1%) overhead. 
      Class:      3.47 MB capacity,     3.23 MB ( 93%) used,   226.34 KB (  6%) free+waste,    22.25 KB ( <1%) overhead. 
       Both:     31.97 MB capacity,    31.31 MB ( 98%) used,   597.45 KB (  2%) free+waste,    78.31 KB ( <1%) overhead. 

Virtual space:
  Non-class space:       30.00 MB reserved,      28.75 MB ( 96%) committed 
      Class space:        1.00 GB reserved,       3.50 MB ( <1%) committed 
             Both:        1.03 GB reserved,      32.25 MB (  3%) committed 

Chunk freelists:
   Non-Class:  17.12 KB
       Class:  0 bytes
        Both:  17.12 KB

CodeHeap 'non-profiled nmethods': size=120032Kb used=6370Kb max_used=6571Kb free=113661Kb
 bounds [0x00007f8da0724000, 0x00007f8da0d94000, 0x00007f8da7c5c000]
CodeHeap 'profiled nmethods': size=120032Kb used=15305Kb max_used=17320Kb free=104726Kb
 bounds [0x00007f8d991ec000, 0x00007f8d9a2dc000, 0x00007f8da0724000]
CodeHeap 'non-nmethods': size=5696Kb used=1114Kb max_used=1161Kb free=4581Kb
 bounds [0x00007f8d98c5c000, 0x00007f8d98ecc000, 0x00007f8d991ec000]
 total_blobs=10064 nmethods=6433 adapters=363
 compilation: enabled
              stopped_count=0, restarted_count=0
 full_count=0

Compilation events (10 events):
Event: 162.160 Thread 0x00007f8db0166800 nmethod 7179 0x00007f8da077f990 code [0x00007f8da077fba0, 0x00007f8da07805b8]
Event: 189.069 Thread 0x00007f8db0166800 7180   !   4       com.sun.tools.javac.comp.Check$CycleChecker::checkClass (248 bytes)
Event: 194.703 Thread 0x00007f8db0168800 7183       3       com.sun.tools.javac.code.Type::typeNoMetadata (19 bytes)
Event: 195.420 Thread 0x00007f8db0166800 nmethod 7180 0x00007f8da089ab90 code [0x00007f8da089b020, 0x00007f8da089e618]
Event: 195.420 Thread 0x00007f8db0166800 7182  s    4       jdk.internal.jimage.ImageReader$SharedImageReader::findNode (36 bytes)
Event: 195.822 Thread 0x00007f8db0166800 nmethod 7182 0x00007f8da07cc790 code [0x00007f8da07cc980, 0x00007f8da07cd4c8]
Event: 195.822 Thread 0x00007f8db0166800 7181       4       java.util.ArrayList$ArrayListSpliterator::tryAdvance (79 bytes)
Event: 195.825 Thread 0x00007f8db0166800 nmethod 7181 0x00007f8da077c610 code [0x00007f8da077c7c0, 0x00007f8da077c998]
Event: 195.855 Thread 0x00007f8db0166800 7186       4       com.sun.tools.javac.comp.Attr::attribTypeVariables (247 bytes)
Event: 195.891 Thread 0x00007f8db0166800 nmethod 7186 0x00007f8da0821490 code [0x00007f8da0821740, 0x00007f8da0822b80]

GC Heap History (10 events):
Event: 137.809 GC heap after
{Heap after GC invocations=84 (full 0):
 garbage-first heap   total 352256K, used 224237K [0x0000000084800000, 0x0000000100000000)
  region size 1024K, 4 young (4096K), 4 survivors (4096K)
 Metaspace       used 32043K, capacity 32733K, committed 33024K, reserved 1079296K
  class space    used 3306K, capacity 3558K, committed 3584K, reserved 1048576K
}
Event: 145.447 GC heap before
{Heap before GC invocations=84 (full 0):
 garbage-first heap   total 352256K, used 237549K [0x0000000084800000, 0x0000000100000000)
  region size 1024K, 17 young (17408K), 4 survivors (4096K)
 Metaspace       used 32044K, capacity 32733K, committed 33024K, reserved 1079296K
  class space    used 3306K, capacity 3558K, committed 3584K, reserved 1048576K
}
Event: 148.560 GC heap after
{Heap after GC invocations=85 (full 0):
 garbage-first heap   total 352256K, used 225768K [0x0000000084800000, 0x0000000100000000)
  region size 1024K, 2 young (2048K), 2 survivors (2048K)
 Metaspace       used 32044K, capacity 32733K, committed 33024K, reserved 1079296K
  class space    used 3306K, capacity 3558K, committed 3584K, reserved 1048576K
}
Event: 150.399 GC heap before
{Heap before GC invocations=85 (full 0):
 garbage-first heap   total 352256K, used 241128K [0x0000000084800000, 0x0000000100000000)
  region size 1024K, 17 young (17408K), 2 survivors (2048K)
 Metaspace       used 32045K, capacity 32733K, committed 33024K, reserved 1079296K
  class space    used 3306K, capacity 3558K, committed 3584K, reserved 1048576K
}
Event: 150.407 GC heap after
{Heap after GC invocations=86 (full 0):
 garbage-first heap   total 352256K, used 226724K [0x0000000084800000, 0x0000000100000000)
  region size 1024K, 3 young (3072K), 3 survivors (3072K)
 Metaspace       used 32045K, capacity 32733K, committed 33024K, reserved 1079296K
  class space    used 3306K, capacity 3558K, committed 3584K, reserved 1048576K
}
Event: 163.124 GC heap before
{Heap before GC invocations=86 (full 0):
 garbage-first heap   total 352256K, used 241060K [0x0000000084800000, 0x0000000100000000)
  region size 1024K, 17 young (17408K), 3 survivors (3072K)
 Metaspace       used 32049K, capacity 32733K, committed 33024K, reserved 1079296K
  class space    used 3306K, capacity 3558K, committed 3584K, reserved 1048576K
}
Event: 173.345 GC heap after
{Heap after GC invocations=87 (full 0):
 garbage-first heap   total 352256K, used 228691K [0x0000000084800000, 0x0000000100000000)
  region size 1024K, 3 young (3072K), 3 survivors (3072K)
 Metaspace       used 32049K, capacity 32733K, committed 33024K, reserved 1079296K
  class space    used 3306K, capacity 3558K, committed 3584K, reserved 1048576K
}
Event: 189.433 GC heap before
{Heap before GC invocations=87 (full 0):
 garbage-first heap   total 352256K, used 243027K [0x0000000084800000, 0x0000000100000000)
  region size 1024K, 17 young (17408K), 3 survivors (3072K)
 Metaspace       used 32049K, capacity 32733K, committed 33024K, reserved 1079296K
  class space    used 3306K, capacity 3558K, committed 3584K, reserved 1048576K
}
Event: 190.607 GC heap after
{Heap after GC invocations=88 (full 0):
 garbage-first heap   total 352256K, used 230921K [0x0000000084800000, 0x0000000100000000)
  region size 1024K, 3 young (3072K), 3 survivors (3072K)
 Metaspace       used 32049K, capacity 32733K, committed 33024K, reserved 1079296K
  class space    used 3306K, capacity 3558K, committed 3584K, reserved 1048576K
}
Event: 195.901 GC heap before
{Heap before GC invocations=88 (full 0):
 garbage-first heap   total 352256K, used 245257K [0x0000000084800000, 0x0000000100000000)
  region size 1024K, 17 young (17408K), 3 survivors (3072K)
 Metaspace       used 32057K, capacity 32733K, committed 33024K, reserved 1079296K
  class space    used 3309K, capacity 3558K, committed 3584K, reserved 1048576K
}

Deoptimization events (10 events):
Event: 156.891 Thread 0x00007f8db0011800 Uncommon trap: reason=class_check action=maybe_recompile pc=0x00007f8da0d71b18 method=com.sun.tools.javac.code.Scope$ImportScope.finalizeSingleScope(Lcom/sun/tools/javac/code/Scope;)Lcom/sun/tools/javac/code/Scope; @ 63 c2
Event: 156.892 Thread 0x00007f8db0011800 Uncommon trap: reason=class_check action=maybe_recompile pc=0x00007f8da0d71b18 method=com.sun.tools.javac.code.Scope$ImportScope.finalizeSingleScope(Lcom/sun/tools/javac/code/Scope;)Lcom/sun/tools/javac/code/Scope; @ 63 c2
Event: 159.565 Thread 0x00007f8db0011800 Uncommon trap: reason=class_check action=maybe_recompile pc=0x00007f8da0d26930 method=com.sun.tools.javac.comp.MemberEnter.signature(Lcom/sun/tools/javac/code/Symbol$MethodSymbol;Lcom/sun/tools/javac/util/List;Lcom/sun/tools/javac/util/List;Lcom/sun/tools
Event: 159.565 Thread 0x00007f8db0011800 Uncommon trap: reason=class_check action=maybe_recompile pc=0x00007f8da076b324 method=com.sun.tools.javac.code.Types.isSignaturePolymorphic(Lcom/sun/tools/javac/code/Symbol$MethodSymbol;)Z @ 4 c2
Event: 159.565 Thread 0x00007f8db0011800 Uncommon trap: reason=class_check action=maybe_recompile pc=0x00007f8da0d26930 method=com.sun.tools.javac.comp.MemberEnter.signature(Lcom/sun/tools/javac/code/Symbol$MethodSymbol;Lcom/sun/tools/javac/util/List;Lcom/sun/tools/javac/util/List;Lcom/sun/tools
Event: 159.565 Thread 0x00007f8db0011800 Uncommon trap: reason=class_check action=maybe_recompile pc=0x00007f8da076b324 method=com.sun.tools.javac.code.Types.isSignaturePolymorphic(Lcom/sun/tools/javac/code/Symbol$MethodSymbol;)Z @ 4 c2
Event: 194.862 Thread 0x00007f8db0011800 Uncommon trap: reason=class_check action=maybe_recompile pc=0x00007f8da0765edc method=com.sun.tools.javac.comp.Attr.attribTypeVariables(Lcom/sun/tools/javac/util/List;Lcom/sun/tools/javac/comp/Env;)V @ 79 c2
Event: 194.863 Thread 0x00007f8db0011800 Uncommon trap: reason=class_check action=maybe_recompile pc=0x00007f8da0765edc method=com.sun.tools.javac.comp.Attr.attribTypeVariables(Lcom/sun/tools/javac/util/List;Lcom/sun/tools/javac/comp/Env;)V @ 79 c2
Event: 194.863 Thread 0x00007f8db0011800 Uncommon trap: reason=class_check action=maybe_recompile pc=0x00007f8da0765edc method=com.sun.tools.javac.comp.Attr.attribTypeVariables(Lcom/sun/tools/javac/util/List;Lcom/sun/tools/javac/comp/Env;)V @ 79 c2
Event: 194.863 Thread 0x00007f8db0011800 Uncommon trap: reason=class_check action=maybe_recompile pc=0x00007f8da0765edc method=com.sun.tools.javac.comp.Attr.attribTypeVariables(Lcom/sun/tools/javac/util/List;Lcom/sun/tools/javac/comp/Env;)V @ 79 c2

Classes redefined (0 events):
No events

Internal exceptions (10 events):
Event: 24.549 Thread 0x00007f8db0011800 Exception <a 'java/security/PrivilegedActionException'{0x000000008c0e7188}> (0x000000008c0e7188) thrown at [/scratch/opt/mach5/mesos/work_dir/slaves/14a03e04-9f3c-408e-8ddf-efd6aa9b759f-S30878/frameworks/1735e8a2-a1db-478c-8104-60c8b0af87dd-0196/executors
Event: 24.549 Thread 0x00007f8db0011800 Exception <a 'java/security/PrivilegedActionException'{0x000000008c0e7700}> (0x000000008c0e7700) thrown at [/scratch/opt/mach5/mesos/work_dir/slaves/14a03e04-9f3c-408e-8ddf-efd6aa9b759f-S30878/frameworks/1735e8a2-a1db-478c-8104-60c8b0af87dd-0196/executors
Event: 72.918 Thread 0x00007f8db0011800 Exception <a 'java/lang/NoSuchMethodError'{0x000000008d742d20}: java.lang.invoke.DirectMethodHandle$Holder.invokeSpecial(Ljava/lang/Object;Ljava/lang/Object;Ljava/lang/Object;Ljava/lang/Object;)I> (0x000000008d742d20) thrown at [/scratch/opt/mach5/mesos/w
Event: 73.577 Thread 0x00007f8db0011800 Exception <a 'sun/nio/fs/UnixException'{0x000000008dab0190}> (0x000000008dab0190) thrown at [/scratch/opt/mach5/mesos/work_dir/slaves/14a03e04-9f3c-408e-8ddf-efd6aa9b759f-S30878/frameworks/1735e8a2-a1db-478c-8104-60c8b0af87dd-0196/executors/a3066abf-3718-
Event: 73.578 Thread 0x00007f8db0011800 Exception <a 'sun/nio/fs/UnixException'{0x000000008dab0808}> (0x000000008dab0808) thrown at [/scratch/opt/mach5/mesos/work_dir/slaves/14a03e04-9f3c-408e-8ddf-efd6aa9b759f-S30878/frameworks/1735e8a2-a1db-478c-8104-60c8b0af87dd-0196/executors/a3066abf-3718-
Event: 73.578 Thread 0x00007f8db0011800 Exception <a 'sun/nio/fs/UnixException'{0x000000008dab0e80}> (0x000000008dab0e80) thrown at [/scratch/opt/mach5/mesos/work_dir/slaves/14a03e04-9f3c-408e-8ddf-efd6aa9b759f-S30878/frameworks/1735e8a2-a1db-478c-8104-60c8b0af87dd-0196/executors/a3066abf-3718-
Event: 73.578 Thread 0x00007f8db0011800 Exception <a 'sun/nio/fs/UnixException'{0x000000008dab14f8}> (0x000000008dab14f8) thrown at [/scratch/opt/mach5/mesos/work_dir/slaves/14a03e04-9f3c-408e-8ddf-efd6aa9b759f-S30878/frameworks/1735e8a2-a1db-478c-8104-60c8b0af87dd-0196/executors/a3066abf-3718-
Event: 74.706 Thread 0x00007f8db0011800 Implicit null exception at 0x00007f8da0bf8e59 to 0x00007f8da0bf98a9
Event: 75.284 Thread 0x00007f8db0011800 Implicit null exception at 0x00007f8da0c00c73 to 0x00007f8da0c00e3e
Event: 84.998 Thread 0x00007f8db0011800 Exception <a 'java/lang/NoSuchMethodError'{0x000000008e93a220}: java.lang.invoke.DirectMethodHandle$Holder.invokeSpecial(Ljava/lang/Object;Ljava/lang/Object;Ljava/lang/Object;Ljava/lang/Object;Ljava/lang/Object;)I> (0x000000008e93a220) thrown at [/scratch

Events (10 events):
Event: 194.863 Thread 0x00007f8db0011800 Uncommon trap: trap_request=0xffffffde fr.pc=0x00007f8da0765edc relative=0x000000000000121c
Event: 194.863 Thread 0x00007f8db0011800 DEOPT PACKING pc=0x00007f8da0765edc sp=0x00007f8db9f25a00
Event: 194.863 Thread 0x00007f8db0011800 DEOPT UNPACKING pc=0x00007f8d98c846a5 sp=0x00007f8db9f259d0 mode 2
Event: 194.863 Thread 0x00007f8db0011800 Uncommon trap: trap_request=0xffffffde fr.pc=0x00007f8da0765edc relative=0x000000000000121c
Event: 194.863 Thread 0x00007f8db0011800 DEOPT PACKING pc=0x00007f8da0765edc sp=0x00007f8db9f25a00
Event: 194.863 Thread 0x00007f8db0011800 DEOPT UNPACKING pc=0x00007f8d98c846a5 sp=0x00007f8db9f259d0 mode 2
Event: 194.863 Thread 0x00007f8db0011800 Uncommon trap: trap_request=0xffffffde fr.pc=0x00007f8da0765edc relative=0x000000000000121c
Event: 194.888 Thread 0x00007f8db0011800 DEOPT PACKING pc=0x00007f8da0765edc sp=0x00007f8db9f25a00
Event: 194.888 Thread 0x00007f8db0011800 DEOPT UNPACKING pc=0x00007f8d98c846a5 sp=0x00007f8db9f259d0 mode 2
Event: 195.901 Executing VM operation: G1CollectForAllocation


Dynamic libraries:
00400000-00401000 r-xp 00000000 08:01 21889487                           /usr/lib/jvm/jdk-11.0.1/bin/java
00600000-00601000 r--p 00000000 08:01 21889487                           /usr/lib/jvm/jdk-11.0.1/bin/java
00601000-00602000 rw-p 00001000 08:01 21889487                           /usr/lib/jvm/jdk-11.0.1/bin/java
01f03000-01f24000 rw-p 00000000 00:00 0                                  [heap]
84800000-9a000000 rw-p 00000000 00:00 0 
c2d00000-100000000 ---p 00000000 00:00 0 
100000000-100380000 rw-p 00000000 00:00 0 
100380000-140000000 ---p 00000000 00:00 0 
7f8d37e00000-7f8d37ec0000 rw-p 00000000 00:00 0 
7f8d37ec0000-7f8d38000000 ---p 00000000 00:00 0 
7f8d38000000-7f8d381a4000 rw-p 00000000 00:00 0 
7f8d381a4000-7f8d3c000000 ---p 00000000 00:00 0 
7f8d3c000000-7f8d3d1ea000 rw-p 00000000 00:00 0 
7f8d3d1ea000-7f8d40000000 ---p 00000000 00:00 0 
7f8d40000000-7f8d40021000 rw-p 00000000 00:00 0 
7f8d40021000-7f8d44000000 ---p 00000000 00:00 0 
7f8d44000000-7f8d44021000 rw-p 00000000 00:00 0 
7f8d44021000-7f8d48000000 ---p 00000000 00:00 0 
7f8d48000000-7f8d4901f000 rw-p 00000000 00:00 0 
7f8d4901f000-7f8d4c000000 ---p 00000000 00:00 0 
7f8d4c000000-7f8d4d164000 rw-p 00000000 00:00 0 
7f8d4d164000-7f8d50000000 ---p 00000000 00:00 0 
7f8d50000000-7f8d50021000 rw-p 00000000 00:00 0 
7f8d50021000-7f8d54000000 ---p 00000000 00:00 0 
7f8d54000000-7f8d5402b000 rw-p 00000000 00:00 0 
7f8d5402b000-7f8d58000000 ---p 00000000 00:00 0 
7f8d58000000-7f8d58021000 rw-p 00000000 00:00 0 
7f8d58021000-7f8d5c000000 ---p 00000000 00:00 0 
7f8d5c000000-7f8d5c021000 rw-p 00000000 00:00 0 
7f8d5c021000-7f8d60000000 ---p 00000000 00:00 0 
7f8d60000000-7f8d608cf000 rw-p 00000000 00:00 0 
7f8d608cf000-7f8d64000000 ---p 00000000 00:00 0 
7f8d64000000-7f8d64021000 rw-p 00000000 00:00 0 
7f8d64021000-7f8d68000000 ---p 00000000 00:00 0 
7f8d68000000-7f8d68021000 rw-p 00000000 00:00 0 
7f8d68021000-7f8d6c000000 ---p 00000000 00:00 0 
7f8d6c000000-7f8d6de17000 rw-p 00000000 00:00 0 
7f8d6de17000-7f8d70000000 ---p 00000000 00:00 0 
7f8d70000000-7f8d70021000 rw-p 00000000 00:00 0 
7f8d70021000-7f8d74000000 ---p 00000000 00:00 0 
7f8d74000000-7f8d74021000 rw-p 00000000 00:00 0 
7f8d74021000-7f8d78000000 ---p 00000000 00:00 0 
7f8d78000000-7f8d78021000 rw-p 00000000 00:00 0 
7f8d78021000-7f8d7c000000 ---p 00000000 00:00 0 
7f8d7c000000-7f8d7c444000 rw-p 00000000 00:00 0 
7f8d7c444000-7f8d80000000 ---p 00000000 00:00 0 
7f8d80000000-7f8d80021000 rw-p 00000000 00:00 0 
7f8d80021000-7f8d84000000 ---p 00000000 00:00 0 
7f8d84000000-7f8d84171000 rw-p 00000000 00:00 0 
7f8d84171000-7f8d88000000 ---p 00000000 00:00 0 
7f8d880f3000-7f8d880f7000 ---p 00000000 00:00 0 
7f8d880f7000-7f8d881f4000 rw-p 00000000 00:00 0 
7f8d881f4000-7f8d881f8000 ---p 00000000 00:00 0 
7f8d881f8000-7f8d882f5000 rw-p 00000000 00:00 0 
7f8d882f5000-7f8d882f6000 ---p 00000000 00:00 0 
7f8d882f6000-7f8d883f6000 rw-p 00000000 00:00 0 
7f8d883f6000-7f8d883f7000 ---p 00000000 00:00 0 
7f8d883f7000-7f8d884f7000 rw-p 00000000 00:00 0 
7f8d884f7000-7f8d884fb000 ---p 00000000 00:00 0 
7f8d884fb000-7f8d887f8000 rw-p 00000000 00:00 0 
7f8d887f8000-7f8d889f8000 rw-p 00000000 00:00 0 
7f8d889f8000-7f8d88bf8000 rw-p 00000000 00:00 0 
7f8d88bf8000-7f8d88df8000 rw-p 00000000 00:00 0 
7f8d88df8000-7f8d88ff8000 rw-p 00000000 00:00 0 
7f8d88ff8000-7f8d891f8000 rw-p 00000000 00:00 0 
7f8d891f8000-7f8d893f8000 rw-p 00000000 00:00 0 
7f8d893f8000-7f8d895f8000 rw-p 00000000 00:00 0 
7f8d895f8000-7f8d895fc000 ---p 00000000 00:00 0 
7f8d895fc000-7f8d898f9000 rw-p 00000000 00:00 0 
7f8d898f9000-7f8d898fa000 ---p 00000000 00:00 0 
7f8d898fa000-7f8d89bfa000 rw-p 00000000 00:00 0 
7f8d89bfa000-7f8d89bfc000 r-xp 00000000 08:01 27132251                   /lib/x86_64-linux-gnu/libutil-2.23.so
7f8d89bfc000-7f8d89dfb000 ---p 00002000 08:01 27132251                   /lib/x86_64-linux-gnu/libutil-2.23.so
7f8d89dfb000-7f8d89dfc000 r--p 00001000 08:01 27132251                   /lib/x86_64-linux-gnu/libutil-2.23.so
7f8d89dfc000-7f8d89dfd000 rw-p 00002000 08:01 27132251                   /lib/x86_64-linux-gnu/libutil-2.23.so
7f8d89dfd000-7f8d89e00000 r-xp 00000000 08:01 17564809                   /tmp/libjansi-1.17.1-9357273131602609123.so
7f8d89e00000-7f8d89fff000 ---p 00003000 08:01 17564809                   /tmp/libjansi-1.17.1-9357273131602609123.so
7f8d89fff000-7f8d8a000000 rw-p 00002000 08:01 17564809                   /tmp/libjansi-1.17.1-9357273131602609123.so
7f8d8a000000-7f8d8c000000 rw-p 00000000 00:00 0 
7f8d8c000000-7f8d8c021000 rw-p 00000000 00:00 0 
7f8d8c021000-7f8d90000000 ---p 00000000 00:00 0 
7f8d90029000-7f8d9003f000 r-xp 00000000 08:01 21901562                   /usr/lib/jvm/jdk-11.0.1/lib/libnet.so
7f8d9003f000-7f8d9023e000 ---p 00016000 08:01 21901562                   /usr/lib/jvm/jdk-11.0.1/lib/libnet.so
7f8d9023e000-7f8d9023f000 r--p 00015000 08:01 21901562                   /usr/lib/jvm/jdk-11.0.1/lib/libnet.so
7f8d9023f000-7f8d90240000 rw-p 00016000 08:01 21901562                   /usr/lib/jvm/jdk-11.0.1/lib/libnet.so
7f8d90240000-7f8d907a0000 rw-p 00000000 00:00 0 
7f8d907a0000-7f8d92120000 ---p 00000000 00:00 0 
7f8d92120000-7f8d92680000 rw-p 00000000 00:00 0 
7f8d92680000-7f8d94000000 ---p 00000000 00:00 0 
7f8d94000000-7f8d94047000 rw-p 00000000 00:00 0 
7f8d94047000-7f8d98000000 ---p 00000000 00:00 0 
7f8d9806c000-7f8d9807c000 r-xp 00000000 08:01 21901563                   /usr/lib/jvm/jdk-11.0.1/lib/libnio.so
7f8d9807c000-7f8d9827b000 ---p 00010000 08:01 21901563                   /usr/lib/jvm/jdk-11.0.1/lib/libnio.so
7f8d9827b000-7f8d9827c000 r--p 0000f000 08:01 21901563                   /usr/lib/jvm/jdk-11.0.1/lib/libnio.so
7f8d9827c000-7f8d9827d000 rw-p 00010000 08:01 21901563                   /usr/lib/jvm/jdk-11.0.1/lib/libnio.so
7f8d9827d000-7f8d98281000 ---p 00000000 00:00 0 
7f8d98281000-7f8d9837e000 rw-p 00000000 00:00 0 
7f8d9837e000-7f8d9837f000 ---p 00000000 00:00 0 
7f8d9837f000-7f8d9847f000 rw-p 00000000 00:00 0 
7f8d9847f000-7f8d98483000 ---p 00000000 00:00 0 
7f8d98483000-7f8d98580000 rw-p 00000000 00:00 0 
7f8d98580000-7f8d98584000 ---p 00000000 00:00 0 
7f8d98584000-7f8d98681000 rw-p 00000000 00:00 0 
7f8d98681000-7f8d98685000 ---p 00000000 00:00 0 
7f8d98685000-7f8d98782000 rw-p 00000000 00:00 0 
7f8d98782000-7f8d98786000 ---p 00000000 00:00 0 
7f8d98786000-7f8d98883000 rw-p 00000000 00:00 0 
7f8d98883000-7f8d98887000 ---p 00000000 00:00 0 
7f8d98887000-7f8d98984000 rw-p 00000000 00:00 0 
7f8d98984000-7f8d98c5c000 r--p 00000000 08:01 21890512                   /usr/lib/locale/locale-archive
7f8d98c5c000-7f8d98ecc000 rwxp 00000000 00:00 0 
7f8d98ecc000-7f8d991ec000 ---p 00000000 00:00 0 
7f8d991ec000-7f8d9a2dc000 rwxp 00000000 00:00 0 
7f8d9a2dc000-7f8da0724000 ---p 00000000 00:00 0 
7f8da0724000-7f8da0d94000 rwxp 00000000 00:00 0 
7f8da0d94000-7f8da7c5c000 ---p 00000000 00:00 0 
7f8da7c5c000-7f8db0000000 r--s 00000000 08:01 21901573                   /usr/lib/jvm/jdk-11.0.1/lib/modules
7f8db0000000-7f8db1c2f000 rw-p 00000000 00:00 0 
7f8db1c2f000-7f8db4000000 ---p 00000000 00:00 0 
7f8db4000000-7f8db4031000 rw-p 00000000 00:00 0 
7f8db4031000-7f8db4035000 ---p 00000000 00:00 0 
7f8db4035000-7f8db4132000 rw-p 00000000 00:00 0 
7f8db4132000-7f8db4136000 ---p 00000000 00:00 0 
7f8db4136000-7f8db4233000 rw-p 00000000 00:00 0 
7f8db4233000-7f8db4234000 ---p 00000000 00:00 0 
7f8db4234000-7f8db4c10000 rw-p 00000000 00:00 0 
7f8db4c10000-7f8db4c11000 ---p 00000000 00:00 0 
7f8db4c11000-7f8db4d11000 rw-p 00000000 00:00 0 
7f8db4d11000-7f8db4d12000 ---p 00000000 00:00 0 
7f8db4d12000-7f8db5216000 rw-p 00000000 00:00 0 
7f8db5216000-7f8db5217000 ---p 00000000 00:00 0 
7f8db5217000-7f8db5317000 rw-p 00000000 00:00 0 
7f8db5317000-7f8db5318000 ---p 00000000 00:00 0 
7f8db5318000-7f8db54c4000 rw-p 00000000 00:00 0 
7f8db54c4000-7f8db57f4000 ---p 00000000 00:00 0 
7f8db57f4000-7f8db58a0000 rw-p 00000000 00:00 0 
7f8db58a0000-7f8db5bd0000 ---p 00000000 00:00 0 
7f8db5bd0000-7f8db5c7c000 rw-p 00000000 00:00 0 
7f8db5c7c000-7f8db5fac000 ---p 00000000 00:00 0 
7f8db5fac000-7f8db63b0000 rw-p 00000000 00:00 0 
7f8db63b0000-7f8db63b1000 ---p 00000000 00:00 0 
7f8db63b1000-7f8db64be000 rw-p 00000000 00:00 0 
7f8db64be000-7f8db659c000 ---p 00000000 00:00 0 
7f8db659c000-7f8db65be000 rw-p 00000000 00:00 0 
7f8db65be000-7f8db6687000 ---p 00000000 00:00 0 
7f8db6687000-7f8db66a2000 r-xp 00000000 08:01 21901554                   /usr/lib/jvm/jdk-11.0.1/lib/libjimage.so
7f8db66a2000-7f8db68a1000 ---p 0001b000 08:01 21901554                   /usr/lib/jvm/jdk-11.0.1/lib/libjimage.so
7f8db68a1000-7f8db68a3000 r--p 0001a000 08:01 21901554                   /usr/lib/jvm/jdk-11.0.1/lib/libjimage.so
7f8db68a3000-7f8db68a4000 rw-p 0001c000 08:01 21901554                   /usr/lib/jvm/jdk-11.0.1/lib/libjimage.so
7f8db68a4000-7f8db68ab000 r-xp 00000000 08:01 21901572                   /usr/lib/jvm/jdk-11.0.1/lib/libzip.so
7f8db68ab000-7f8db6aaa000 ---p 00007000 08:01 21901572                   /usr/lib/jvm/jdk-11.0.1/lib/libzip.so
7f8db6aaa000-7f8db6aab000 r--p 00006000 08:01 21901572                   /usr/lib/jvm/jdk-11.0.1/lib/libzip.so
7f8db6aab000-7f8db6aac000 rw-p 00007000 08:01 21901572                   /usr/lib/jvm/jdk-11.0.1/lib/libzip.so
7f8db6aac000-7f8db6ab7000 r-xp 00000000 08:01 27132275                   /lib/x86_64-linux-gnu/libnss_files-2.23.so
7f8db6ab7000-7f8db6cb6000 ---p 0000b000 08:01 27132275                   /lib/x86_64-linux-gnu/libnss_files-2.23.so
7f8db6cb6000-7f8db6cb7000 r--p 0000a000 08:01 27132275                   /lib/x86_64-linux-gnu/libnss_files-2.23.so
7f8db6cb7000-7f8db6cb8000 rw-p 0000b000 08:01 27132275                   /lib/x86_64-linux-gnu/libnss_files-2.23.so
7f8db6cb8000-7f8db6cbe000 rw-p 00000000 00:00 0 
7f8db6cbe000-7f8db6cc9000 r-xp 00000000 08:01 27132447                   /lib/x86_64-linux-gnu/libnss_nis-2.23.so
7f8db6cc9000-7f8db6ec8000 ---p 0000b000 08:01 27132447                   /lib/x86_64-linux-gnu/libnss_nis-2.23.so
7f8db6ec8000-7f8db6ec9000 r--p 0000a000 08:01 27132447                   /lib/x86_64-linux-gnu/libnss_nis-2.23.so
7f8db6ec9000-7f8db6eca000 rw-p 0000b000 08:01 27132447                   /lib/x86_64-linux-gnu/libnss_nis-2.23.so
7f8db6eca000-7f8db6ee0000 r-xp 00000000 08:01 27132113                   /lib/x86_64-linux-gnu/libnsl-2.23.so
7f8db6ee0000-7f8db70df000 ---p 00016000 08:01 27132113                   /lib/x86_64-linux-gnu/libnsl-2.23.so
7f8db70df000-7f8db70e0000 r--p 00015000 08:01 27132113                   /lib/x86_64-linux-gnu/libnsl-2.23.so
7f8db70e0000-7f8db70e1000 rw-p 00016000 08:01 27132113                   /lib/x86_64-linux-gnu/libnsl-2.23.so
7f8db70e1000-7f8db70e3000 rw-p 00000000 00:00 0 
7f8db70e3000-7f8db70eb000 r-xp 00000000 08:01 27132255                   /lib/x86_64-linux-gnu/libnss_compat-2.23.so
7f8db70eb000-7f8db72ea000 ---p 00008000 08:01 27132255                   /lib/x86_64-linux-gnu/libnss_compat-2.23.so
7f8db72ea000-7f8db72eb000 r--p 00007000 08:01 27132255                   /lib/x86_64-linux-gnu/libnss_compat-2.23.so
7f8db72eb000-7f8db72ec000 rw-p 00008000 08:01 27132255                   /lib/x86_64-linux-gnu/libnss_compat-2.23.so
7f8db72ec000-7f8db7317000 r-xp 00000000 08:01 21901550                   /usr/lib/jvm/jdk-11.0.1/lib/libjava.so
7f8db7317000-7f8db7516000 ---p 0002b000 08:01 21901550                   /usr/lib/jvm/jdk-11.0.1/lib/libjava.so
7f8db7516000-7f8db7517000 r--p 0002a000 08:01 21901550                   /usr/lib/jvm/jdk-11.0.1/lib/libjava.so
7f8db7517000-7f8db7519000 rw-p 0002b000 08:01 21901550                   /usr/lib/jvm/jdk-11.0.1/lib/libjava.so
7f8db7519000-7f8db7526000 r-xp 00000000 08:01 21901571                   /usr/lib/jvm/jdk-11.0.1/lib/libverify.so
7f8db7526000-7f8db7725000 ---p 0000d000 08:01 21901571                   /usr/lib/jvm/jdk-11.0.1/lib/libverify.so
7f8db7725000-7f8db7727000 r--p 0000c000 08:01 21901571                   /usr/lib/jvm/jdk-11.0.1/lib/libverify.so
7f8db7727000-7f8db7728000 rw-p 0000e000 08:01 21901571                   /usr/lib/jvm/jdk-11.0.1/lib/libverify.so
7f8db7728000-7f8db772f000 r-xp 00000000 08:01 27132451                   /lib/x86_64-linux-gnu/librt-2.23.so
7f8db772f000-7f8db792e000 ---p 00007000 08:01 27132451                   /lib/x86_64-linux-gnu/librt-2.23.so
7f8db792e000-7f8db792f000 r--p 00006000 08:01 27132451                   /lib/x86_64-linux-gnu/librt-2.23.so
7f8db792f000-7f8db7930000 rw-p 00007000 08:01 27132451                   /lib/x86_64-linux-gnu/librt-2.23.so
7f8db7930000-7f8db7a38000 r-xp 00000000 08:01 27132001                   /lib/x86_64-linux-gnu/libm-2.23.so
7f8db7a38000-7f8db7c37000 ---p 00108000 08:01 27132001                   /lib/x86_64-linux-gnu/libm-2.23.so
7f8db7c37000-7f8db7c38000 r--p 00107000 08:01 27132001                   /lib/x86_64-linux-gnu/libm-2.23.so
7f8db7c38000-7f8db7c39000 rw-p 00108000 08:01 27132001                   /lib/x86_64-linux-gnu/libm-2.23.so
7f8db7c39000-7f8db8dbf000 r-xp 00000000 08:01 21901582                   /usr/lib/jvm/jdk-11.0.1/lib/server/libjvm.so
7f8db8dbf000-7f8db8fbe000 ---p 01186000 08:01 21901582                   /usr/lib/jvm/jdk-11.0.1/lib/server/libjvm.so
7f8db8fbe000-7f8db9088000 r--p 01185000 08:01 21901582                   /usr/lib/jvm/jdk-11.0.1/lib/server/libjvm.so
7f8db9088000-7f8db90c2000 rw-p 0124f000 08:01 21901582                   /usr/lib/jvm/jdk-11.0.1/lib/server/libjvm.so
7f8db90c2000-7f8db9118000 rw-p 00000000 00:00 0 
7f8db9118000-7f8db92d8000 r-xp 00000000 08:01 27132185                   /lib/x86_64-linux-gnu/libc-2.23.so
7f8db92d8000-7f8db94d8000 ---p 001c0000 08:01 27132185                   /lib/x86_64-linux-gnu/libc-2.23.so
7f8db94d8000-7f8db94dc000 r--p 001c0000 08:01 27132185                   /lib/x86_64-linux-gnu/libc-2.23.so
7f8db94dc000-7f8db94de000 rw-p 001c4000 08:01 27132185                   /lib/x86_64-linux-gnu/libc-2.23.so
7f8db94de000-7f8db94e2000 rw-p 00000000 00:00 0 
7f8db94e2000-7f8db94e5000 r-xp 00000000 08:01 27132189                   /lib/x86_64-linux-gnu/libdl-2.23.so
7f8db94e5000-7f8db96e4000 ---p 00003000 08:01 27132189                   /lib/x86_64-linux-gnu/libdl-2.23.so
7f8db96e4000-7f8db96e5000 r--p 00002000 08:01 27132189                   /lib/x86_64-linux-gnu/libdl-2.23.so
7f8db96e5000-7f8db96e6000 rw-p 00003000 08:01 27132189                   /lib/x86_64-linux-gnu/libdl-2.23.so
7f8db96e6000-7f8db96f5000 r-xp 00000000 08:01 21901535                   /usr/lib/jvm/jdk-11.0.1/lib/jli/libjli.so
7f8db96f5000-7f8db98f5000 ---p 0000f000 08:01 21901535                   /usr/lib/jvm/jdk-11.0.1/lib/jli/libjli.so
7f8db98f5000-7f8db98f6000 r--p 0000f000 08:01 21901535                   /usr/lib/jvm/jdk-11.0.1/lib/jli/libjli.so
7f8db98f6000-7f8db98f7000 rw-p 00010000 08:01 21901535                   /usr/lib/jvm/jdk-11.0.1/lib/jli/libjli.so
7f8db98f7000-7f8db990f000 r-xp 00000000 08:01 27132183                   /lib/x86_64-linux-gnu/libpthread-2.23.so
7f8db990f000-7f8db9b0e000 ---p 00018000 08:01 27132183                   /lib/x86_64-linux-gnu/libpthread-2.23.so
7f8db9b0e000-7f8db9b0f000 r--p 00017000 08:01 27132183                   /lib/x86_64-linux-gnu/libpthread-2.23.so
7f8db9b0f000-7f8db9b10000 rw-p 00018000 08:01 27132183                   /lib/x86_64-linux-gnu/libpthread-2.23.so
7f8db9b10000-7f8db9b14000 rw-p 00000000 00:00 0 
7f8db9b14000-7f8db9b2d000 r-xp 00000000 08:01 27132129                   /lib/x86_64-linux-gnu/libz.so.1.2.8
7f8db9b2d000-7f8db9d2c000 ---p 00019000 08:01 27132129                   /lib/x86_64-linux-gnu/libz.so.1.2.8
7f8db9d2c000-7f8db9d2d000 r--p 00018000 08:01 27132129                   /lib/x86_64-linux-gnu/libz.so.1.2.8
7f8db9d2d000-7f8db9d2e000 rw-p 00019000 08:01 27132129                   /lib/x86_64-linux-gnu/libz.so.1.2.8
7f8db9d2e000-7f8db9d54000 r-xp 00000000 08:01 27132120                   /lib/x86_64-linux-gnu/ld-2.23.so
7f8db9d7c000-7f8db9e28000 rw-p 00000000 00:00 0 
7f8db9e28000-7f8db9e2c000 ---p 00000000 00:00 0 
7f8db9e2c000-7f8db9f2e000 rw-p 00000000 00:00 0 
7f8db9f3d000-7f8db9f42000 rw-p 00000000 00:00 0 
7f8db9f42000-7f8db9f49000 ---p 00000000 00:00 0 
7f8db9f49000-7f8db9f51000 rw-s 00000000 08:01 17564805                   /tmp/hsperfdata_healthcoco/19654
7f8db9f51000-7f8db9f52000 ---p 00000000 00:00 0 
7f8db9f52000-7f8db9f53000 r--p 00000000 00:00 0 
7f8db9f53000-7f8db9f54000 r--p 00025000 08:01 27132120                   /lib/x86_64-linux-gnu/ld-2.23.so
7f8db9f54000-7f8db9f55000 rw-p 00026000 08:01 27132120                   /lib/x86_64-linux-gnu/ld-2.23.so
7f8db9f55000-7f8db9f56000 rw-p 00000000 00:00 0 
7fff144d9000-7fff144fa000 rw-p 00000000 00:00 0                          [stack]
7fff14544000-7fff14547000 r--p 00000000 00:00 0                          [vvar]
7fff14547000-7fff14549000 r-xp 00000000 00:00 0                          [vdso]
ffffffffff600000-ffffffffff601000 r-xp 00000000 00:00 0                  [vsyscall]


VM Arguments:
jvm_args: -Dmaven.home=EMBEDDED -Dclassworlds.conf=/home/healthcoco/eclipse-workspace/.metadata/.plugins/org.eclipse.m2e.launching/launches/m2conf9668643011858786765.tmp -Dmaven.multiModuleProjectDirectory=/home/healthcoco/Desktop/Doctor App/healthcoco-backend-app/dpdocter -Dfile.encoding=UTF-8 
java_command: org.codehaus.plexus.classworlds.launcher.Launcher -Pdev -B install
java_class_path (initial): /home/healthcoco/.p2/pool/plugins/org.eclipse.m2e.maven.runtime_1.13.0.20190716-1623/jars/plexus-classworlds-2.6.0.jar
Launcher Type: SUN_STANDARD

[Global flags]
     intx CICompilerCount                          = 3                                         {product} {ergonomic}
     uint ConcGCThreads                            = 1                                         {product} {ergonomic}
     uint G1ConcRefinementThreads                  = 4                                         {product} {ergonomic}
   size_t G1HeapRegionSize                         = 1048576                                   {product} {ergonomic}
    uintx GCDrainStackTargetSize                   = 64                                        {product} {ergonomic}
   size_t InitialHeapSize                          = 130023424                                 {product} {ergonomic}
   size_t MarkStackSize                            = 4194304                                   {product} {ergonomic}
   size_t MaxHeapSize                              = 2071986176                                {product} {ergonomic}
   size_t MaxNewSize                               = 1242562560                                {product} {ergonomic}
   size_t MinHeapDeltaBytes                        = 1048576                                   {product} {ergonomic}
    uintx NonNMethodCodeHeapSize                   = 5830092                                {pd product} {ergonomic}
    uintx NonProfiledCodeHeapSize                  = 122914074                              {pd product} {ergonomic}
    uintx ProfiledCodeHeapSize                     = 122914074                              {pd product} {ergonomic}
    uintx ReservedCodeCacheSize                    = 251658240                              {pd product} {ergonomic}
     bool SegmentedCodeCache                       = true                                      {product} {ergonomic}
     bool UseCompressedClassPointers               = true                                 {lp64_product} {ergonomic}
     bool UseCompressedOops                        = true                                 {lp64_product} {ergonomic}
     bool UseG1GC                                  = true                                      {product} {ergonomic}

Logging:
Log output configuration:
 #0: stdout all=warning uptime,level,tags
 #1: stderr all=off uptime,level,tags

Environment Variables:
JAVA_HOME=
PATH=/bin:/home/healthcoco/bin:/opt/maven/bin:/usr/local/gradle/bin:/usr/local/sbin:/usr/local/bin:/usr/sbin:/usr/bin:/sbin:/bin:/usr/games:/usr/local/games:/snap/bin:/home/healthcoco/bin:/java_11/jdk-11.0.2/bin:/home/healthcoco/bin:/java_11/jdk-11.0.2/bin:/home/healthcoco/.rvm/bin
SHELL=/bin/bash
DISPLAY=:0

Signal Handlers:
SIGSEGV: [libjvm.so+0xe58b80], sa_mask[0]=11111111011111111101111111111110, sa_flags=SA_RESTART|SA_SIGINFO
SIGBUS: [libjvm.so+0xe58b80], sa_mask[0]=11111111011111111101111111111110, sa_flags=SA_RESTART|SA_SIGINFO
SIGFPE: [libjvm.so+0xe58b80], sa_mask[0]=11111111011111111101111111111110, sa_flags=SA_RESTART|SA_SIGINFO
SIGPIPE: [libjvm.so+0xc2ec80], sa_mask[0]=11111111011111111101111111111110, sa_flags=SA_RESTART|SA_SIGINFO
SIGXFSZ: [libjvm.so+0xc2ec80], sa_mask[0]=11111111011111111101111111111110, sa_flags=SA_RESTART|SA_SIGINFO
SIGILL: [libjvm.so+0xe58b80], sa_mask[0]=11111111011111111101111111111110, sa_flags=SA_RESTART|SA_SIGINFO
SIGUSR2: [libjvm.so+0xc2eb20], sa_mask[0]=00100000000000000000000000000000, sa_flags=SA_RESTART|SA_SIGINFO
SIGHUP: [libjvm.so+0xc2ee80], sa_mask[0]=11111111011111111101111111111110, sa_flags=SA_RESTART|SA_SIGINFO
SIGINT: [libjvm.so+0xc2ee80], sa_mask[0]=11111111011111111101111111111110, sa_flags=SA_RESTART|SA_SIGINFO
SIGTERM: [libjvm.so+0xc2ee80], sa_mask[0]=11111111011111111101111111111110, sa_flags=SA_RESTART|SA_SIGINFO
SIGQUIT: [libjvm.so+0xc2ee80], sa_mask[0]=11111111011111111101111111111110, sa_flags=SA_RESTART|SA_SIGINFO


---------------  S Y S T E M  ---------------

OS:DISTRIB_ID=Ubuntu
DISTRIB_RELEASE=16.04
DISTRIB_CODENAME=xenial
DISTRIB_DESCRIPTION="Ubuntu 16.04.2 LTS"
uname:Linux 4.4.0-138-generic #164-Ubuntu SMP Tue Oct 2 17:16:02 UTC 2018 x86_64
libc:glibc 2.23 NPTL 2.23 
rlimit: STACK 8192k, CORE 0k, NPROC 31447, NOFILE 1048576, AS infinity, DATA infinity, FSIZE infinity
load average:22.53 10.21 4.65

/proc/meminfo:
MemTotal:        8092968 kB
MemFree:          130512 kB
MemAvailable:      54808 kB
Buffers:            1788 kB
Cached:           425004 kB
SwapCached:         7084 kB
Active:          6290932 kB
Inactive:        1233028 kB
Active(anon):    6258104 kB
Inactive(anon):  1193872 kB
Active(file):      32828 kB
Inactive(file):    39156 kB
Unevictable:         184 kB
Mlocked:             184 kB
SwapTotal:       4105212 kB
SwapFree:             16 kB
Dirty:               300 kB
Writeback:             0 kB
AnonPages:       7092564 kB
Mapped:           240792 kB
Shmem:            354628 kB
Slab:             129072 kB
SReclaimable:      54640 kB
SUnreclaim:        74432 kB
KernelStack:       25552 kB
PageTables:       147044 kB
NFS_Unstable:          0 kB
Bounce:                0 kB
WritebackTmp:          0 kB
CommitLimit:     8151696 kB
Committed_AS:   23172392 kB
VmallocTotal:   34359738367 kB
VmallocUsed:           0 kB
VmallocChunk:          0 kB
HardwareCorrupted:     0 kB
AnonHugePages:      2048 kB
CmaTotal:              0 kB
CmaFree:               0 kB
HugePages_Total:       0
HugePages_Free:        0
HugePages_Rsvd:        0
HugePages_Surp:        0
Hugepagesize:       2048 kB
DirectMap4k:      406012 kB
DirectMap2M:     7901184 kB
DirectMap1G:     1048576 kB


/proc/sys/kernel/threads-max (system-wide limit on the number of threads):
62895


/proc/sys/vm/max_map_count (maximum number of memory map areas a process may have):
262144


/proc/sys/kernel/pid_max (system-wide limit on number of process identifiers):
32768


container (cgroup) information:
container_type: cgroupv1
cpu_cpuset_cpus: 0-3
cpu_memory_nodes: 0
active_processor_count: 4
cpu_quota: -1
cpu_period: 100000
cpu_shares: -1
memory_limit_in_bytes: -1
memory_and_swap_limit_in_bytes: -2
memory_soft_limit_in_bytes: -1
memory_usage_in_bytes: 7701737472
memory_max_usage_in_bytes: 0


CPU:total 4 (initial active 4) (2 cores per cpu, 2 threads per core) family 6 model 61 stepping 4, cmov, cx8, fxsr, mmx, sse, sse2, sse3, ssse3, sse4.1, sse4.2, popcnt, avx, avx2, aes, clmul, erms, 3dnowpref, lzcnt, ht, tsc, tscinvbit, bmi1, bmi2, adx, fma
CPU Model and flags from /proc/cpuinfo:
model name	: Intel(R) Core(TM) i3-5005U CPU @ 2.00GHz
flags		: fpu vme de pse tsc msr pae mce cx8 apic sep mtrr pge mca cmov pat pse36 clflush dts acpi mmx fxsr sse sse2 ss ht tm pbe syscall nx pdpe1gb rdtscp lm constant_tsc arch_perfmon pebs bts rep_good nopl xtopology nonstop_tsc aperfmperf pni pclmulqdq dtes64 monitor ds_cpl vmx est tm2 ssse3 sdbg fma cx16 xtpr pdcm pcid sse4_1 sse4_2 x2apic movbe popcnt tsc_deadline_timer aes xsave avx f16c rdrand lahf_lm abm 3dnowprefetch epb invpcid_single intel_pt ssbd ibrs ibpb stibp kaiser tpr_shadow vnmi flexpriority ept vpid fsgsbase tsc_adjust bmi1 avx2 smep bmi2 erms invpcid rdseed adx smap xsaveopt dtherm arat pln pts flush_l1d

Memory: 4k page, physical 8092968k(129520k free), swap 4105212k(16k free)

vm_info: OpenJDK 64-Bit Server VM (11.0.1+13) for linux-amd64 JRE (11.0.1+13), built on Oct  6 2018 05:14:05 by "mach5one" with gcc 7.3.0

END.
